<?xml version="1.0" encoding="UTF-8"?>
<robot generator="Robot 6.1.1 (Python 3.8.10 on win32)" generated="20240113 15:24:41.938" rpa="false" schemaversion="4">
<suite id="s1" name="Suites" source="C:\Users\user\OneDrive\Desktop\Sanbercode\QA\Sanber52-13-MobileAutomation\suites">
<suite id="s1-s1" name="BookSuite" source="C:\Users\user\OneDrive\Desktop\Sanbercode\QA\Sanber52-13-MobileAutomation\suites\BookSuite.robot">
<test id="s1-s1-t1" name="User should be able to book" line="13">
<kw name="Open Flight Application" library="base">
<kw name="Open Application" library="AppiumLibrary">
<arg>remote_url=${REMOTE_URL}</arg>
<arg>platformName=${PLATFORM_NAME}</arg>
<arg>platformVersion=${PLATFORM_VERSION}</arg>
<arg>deviceName=${DEVICE_NAME}</arg>
<arg>appPackage=${APP_PACKAGE}</arg>
<arg>appActivity=${APP_ACTIVITY}</arg>
<doc>Opens a new application to given Appium server.
Capabilities of appium server, Android and iOS,
Please check https://github.com/appium/appium/blob/master/docs/en/writing-running-appium/server-args.md
| *Option*            | *Man.* | *Description*     |
| remote_url          | Yes    | Appium server url |
| alias               | no     | alias             |
| strict_ssl          | No     | allows you to send commands to an invalid certificate host like a self-signed one. |</doc>
<status status="PASS" starttime="20240113 15:24:44.716" endtime="20240113 15:25:04.844"/>
</kw>
<status status="PASS" starttime="20240113 15:24:44.715" endtime="20240113 15:25:04.851"/>
</kw>
<kw name="Verify Home Page Appreas" library="HomePage">
<kw name="Wait Until Element Is Visible" library="AppiumLibrary">
<arg>${Logo_HomePage}</arg>
<doc>Waits until element specified with `locator` is visible.</doc>
<msg timestamp="20240113 15:25:05.885" level="INFO">xpath criteria: //android.widget.ImageView[@resource-id="com.example.myapplication:id/imageView4"]</msg>
<status status="PASS" starttime="20240113 15:25:04.915" endtime="20240113 15:25:05.885"/>
</kw>
<status status="PASS" starttime="20240113 15:25:04.912" endtime="20240113 15:25:05.886"/>
</kw>
<kw name="Click Sign In Button On Home Page" library="HomePage">
<kw name="Wait Until Element Is Visible" library="AppiumLibrary">
<arg>${signIn_button_homePage}</arg>
<doc>Waits until element specified with `locator` is visible.</doc>
<msg timestamp="20240113 15:25:06.073" level="INFO">xpath criteria: //android.widget.Button[@resource-id="com.example.myapplication:id/login"]</msg>
<status status="PASS" starttime="20240113 15:25:05.888" endtime="20240113 15:25:06.073"/>
</kw>
<kw name="Click Element" library="AppiumLibrary">
<arg>${signIn_button_homePage}</arg>
<doc>Click element identified by `locator`.</doc>
<msg timestamp="20240113 15:25:06.080" level="INFO">Clicking element '//android.widget.Button[@resource-id="com.example.myapplication:id/login"]'.</msg>
<msg timestamp="20240113 15:25:06.298" level="INFO">xpath criteria: //android.widget.Button[@resource-id="com.example.myapplication:id/login"]</msg>
<status status="PASS" starttime="20240113 15:25:06.075" endtime="20240113 15:25:06.299"/>
</kw>
<status status="PASS" starttime="20240113 15:25:05.887" endtime="20240113 15:25:06.299"/>
</kw>
<kw name="Verify Login Appreas" library="LoginPage">
<kw name="Wait Until Element Is Visible" library="AppiumLibrary">
<arg>${emailInputLoginPage}</arg>
<doc>Waits until element specified with `locator` is visible.</doc>
<msg timestamp="20240113 15:25:07.439" level="INFO">xpath criteria: //android.widget.EditText[@resource-id="com.example.myapplication:id/username"]
xpath criteria: //android.widget.EditText[@resource-id="com.example.myapplication:id/username"]</msg>
<status status="PASS" starttime="20240113 15:25:06.302" endtime="20240113 15:25:07.439"/>
</kw>
<kw name="Wait Until Element Is Visible" library="AppiumLibrary">
<arg>${passwordInputLoginPage}</arg>
<doc>Waits until element specified with `locator` is visible.</doc>
<msg timestamp="20240113 15:25:07.558" level="INFO">xpath criteria: //android.widget.EditText[@resource-id="com.example.myapplication:id/password"]</msg>
<status status="PASS" starttime="20240113 15:25:07.440" endtime="20240113 15:25:07.558"/>
</kw>
<kw name="Wait Until Element Is Visible" library="AppiumLibrary">
<arg>${signInButtonLoginPage}</arg>
<doc>Waits until element specified with `locator` is visible.</doc>
<msg timestamp="20240113 15:25:07.673" level="INFO">xpath criteria: //android.widget.Button[@resource-id="com.example.myapplication:id/signIn"]</msg>
<status status="PASS" starttime="20240113 15:25:07.558" endtime="20240113 15:25:07.673"/>
</kw>
<status status="PASS" starttime="20240113 15:25:06.301" endtime="20240113 15:25:07.674"/>
</kw>
<kw name="Input User Email On Login Page" library="LoginPage">
<arg>${VALID_EMAIL}</arg>
<kw name="Input Text" library="AppiumLibrary">
<arg>${emailInputLoginPage}</arg>
<arg>${email}</arg>
<doc>Types the given `text` into text field identified by `locator`.</doc>
<msg timestamp="20240113 15:25:07.684" level="INFO">Typing text 'support@ngendigital.com' into text field '//android.widget.EditText[@resource-id="com.example.myapplication:id/username"]'</msg>
<msg timestamp="20240113 15:25:07.870" level="INFO">xpath criteria: //android.widget.EditText[@resource-id="com.example.myapplication:id/username"]</msg>
<status status="PASS" starttime="20240113 15:25:07.678" endtime="20240113 15:25:07.870"/>
</kw>
<status status="PASS" starttime="20240113 15:25:07.675" endtime="20240113 15:25:07.870"/>
</kw>
<kw name="Input User Password On Login Page" library="LoginPage">
<arg>${VALID_PASSWORD}</arg>
<kw name="Input Text" library="AppiumLibrary">
<arg>${passwordInputLoginPage}</arg>
<arg>${password}</arg>
<doc>Types the given `text` into text field identified by `locator`.</doc>
<msg timestamp="20240113 15:25:07.880" level="INFO">Typing text 'abc123' into text field '//android.widget.EditText[@resource-id="com.example.myapplication:id/password"]'</msg>
<msg timestamp="20240113 15:25:08.503" level="INFO">xpath criteria: //android.widget.EditText[@resource-id="com.example.myapplication:id/password"]</msg>
<status status="PASS" starttime="20240113 15:25:07.872" endtime="20240113 15:25:08.503"/>
</kw>
<status status="PASS" starttime="20240113 15:25:07.871" endtime="20240113 15:25:08.503"/>
</kw>
<kw name="Click Sign In Button On Login Page" library="LoginPage">
<kw name="Click Element" library="AppiumLibrary">
<arg>${signInButtonLoginPage}</arg>
<doc>Click element identified by `locator`.</doc>
<msg timestamp="20240113 15:25:08.513" level="INFO">Clicking element '//android.widget.Button[@resource-id="com.example.myapplication:id/signIn"]'.</msg>
<msg timestamp="20240113 15:25:09.184" level="INFO">xpath criteria: //android.widget.Button[@resource-id="com.example.myapplication:id/signIn"]</msg>
<status status="PASS" starttime="20240113 15:25:08.505" endtime="20240113 15:25:09.184"/>
</kw>
<status status="PASS" starttime="20240113 15:25:08.505" endtime="20240113 15:25:09.185"/>
</kw>
<kw name="Verify User Is Logged In" library="HomePage">
<kw name="Wait Until Element Is Visible" library="AppiumLibrary">
<arg>${userNameTextHomePage}</arg>
<doc>Waits until element specified with `locator` is visible.</doc>
<msg timestamp="20240113 15:25:10.037" level="INFO">xpath criteria: //android.widget.TextView[@resource-id="com.example.myapplication:id/textView"]
xpath criteria: //android.widget.TextView[@resource-id="com.example.myapplication:id/textView"]</msg>
<status status="PASS" starttime="20240113 15:25:09.189" endtime="20240113 15:25:10.037"/>
</kw>
<status status="PASS" starttime="20240113 15:25:09.189" endtime="20240113 15:25:10.037"/>
</kw>
<kw name="Click Book Button On Home Page" library="HomePage">
<kw name="Click Element" library="AppiumLibrary">
<arg>${bookButtonHomePage}</arg>
<doc>Click element identified by `locator`.</doc>
<msg timestamp="20240113 15:25:10.045" level="INFO">Clicking element '//android.widget.Button[@resource-id="com.example.myapplication:id/book"]'.</msg>
<msg timestamp="20240113 15:25:10.218" level="INFO">xpath criteria: //android.widget.Button[@resource-id="com.example.myapplication:id/book"]</msg>
<status status="PASS" starttime="20240113 15:25:10.039" endtime="20240113 15:25:10.222"/>
</kw>
<status status="PASS" starttime="20240113 15:25:10.039" endtime="20240113 15:25:10.222"/>
</kw>
<kw name="Verify Book Page appears" library="BookPage">
<kw name="Wait Until Element Is Visible" library="AppiumLibrary">
<arg>${onewayBarBookPage}</arg>
<doc>Waits until element specified with `locator` is visible.</doc>
<msg timestamp="20240113 15:25:11.452" level="INFO">xpath criteria: //android.support.v7.app.ActionBar.Tab[@content-desc="One Way"]
xpath criteria: //android.support.v7.app.ActionBar.Tab[@content-desc="One Way"]</msg>
<status status="PASS" starttime="20240113 15:25:10.226" endtime="20240113 15:25:11.453"/>
</kw>
<kw name="Wait Until Element Is Visible" library="AppiumLibrary">
<arg>${fromcitySpinnerFormBookPage}</arg>
<doc>Waits until element specified with `locator` is visible.</doc>
<msg timestamp="20240113 15:25:11.619" level="INFO">xpath criteria: //android.widget.Spinner[@resource-id="com.example.myapplication:id/spinnerFrom"]</msg>
<status status="PASS" starttime="20240113 15:25:11.453" endtime="20240113 15:25:11.619"/>
</kw>
<kw name="Wait Until Element Is Visible" library="AppiumLibrary">
<arg>${tocitySpinnerFormBookPage}</arg>
<doc>Waits until element specified with `locator` is visible.</doc>
<msg timestamp="20240113 15:25:11.777" level="INFO">xpath criteria: //android.widget.Spinner[@resource-id="com.example.myapplication:id/spinnerTo"]</msg>
<status status="PASS" starttime="20240113 15:25:11.620" endtime="20240113 15:25:11.778"/>
</kw>
<kw name="Wait Until Element Is Visible" library="AppiumLibrary">
<arg>${classSpinnerFormBookPage}</arg>
<doc>Waits until element specified with `locator` is visible.</doc>
<msg timestamp="20240113 15:25:11.929" level="INFO">xpath criteria: //android.widget.Spinner[@resource-id="com.example.myapplication:id/spinnerClass"]</msg>
<status status="PASS" starttime="20240113 15:25:11.778" endtime="20240113 15:25:11.929"/>
</kw>
<kw name="Wait Until Element Is Visible" library="AppiumLibrary">
<arg>${startdateBookPage}</arg>
<doc>Waits until element specified with `locator` is visible.</doc>
<msg timestamp="20240113 15:25:12.078" level="INFO">xpath criteria: //android.widget.TextView[@resource-id="com.example.myapplication:id/textStartDate"]</msg>
<status status="PASS" starttime="20240113 15:25:11.929" endtime="20240113 15:25:12.079"/>
</kw>
<kw name="Wait Until Element Is Visible" library="AppiumLibrary">
<arg>${flighthotelRadioButtonBookPage}</arg>
<doc>Waits until element specified with `locator` is visible.</doc>
<msg timestamp="20240113 15:25:12.216" level="INFO">xpath criteria: //android.widget.RadioButton[@resource-id="com.example.myapplication:id/radioButtonFlightHotel"]</msg>
<status status="PASS" starttime="20240113 15:25:12.079" endtime="20240113 15:25:12.216"/>
</kw>
<kw name="Wait Until Element Is Visible" library="AppiumLibrary">
<arg>${bookButtonBookPage}</arg>
<doc>Waits until element specified with `locator` is visible.</doc>
<msg timestamp="20240113 15:25:12.356" level="INFO">xpath criteria: //android.widget.Button[@resource-id="com.example.myapplication:id/book_flight"]</msg>
<status status="PASS" starttime="20240113 15:25:12.216" endtime="20240113 15:25:12.356"/>
</kw>
<status status="PASS" starttime="20240113 15:25:10.225" endtime="20240113 15:25:12.357"/>
</kw>
<kw name="Click FlightHotel Radio Button On Book Page" library="BookPage">
<kw name="Click Element" library="AppiumLibrary">
<arg>${flighthotelRadioButtonBookPage}</arg>
<doc>Click element identified by `locator`.</doc>
<msg timestamp="20240113 15:25:12.366" level="INFO">Clicking element '//android.widget.RadioButton[@resource-id="com.example.myapplication:id/radioButtonFlightHotel"]'.</msg>
<msg timestamp="20240113 15:25:12.601" level="INFO">xpath criteria: //android.widget.RadioButton[@resource-id="com.example.myapplication:id/radioButtonFlightHotel"]</msg>
<status status="PASS" starttime="20240113 15:25:12.359" endtime="20240113 15:25:12.601"/>
</kw>
<status status="PASS" starttime="20240113 15:25:12.358" endtime="20240113 15:25:12.601"/>
</kw>
<kw name="Click Book Button On Book Page" library="BookPage">
<kw name="Click Element" library="AppiumLibrary">
<arg>${bookButtonBookPage}</arg>
<doc>Click element identified by `locator`.</doc>
<msg timestamp="20240113 15:25:12.608" level="INFO">Clicking element '//android.widget.Button[@resource-id="com.example.myapplication:id/book_flight"]'.</msg>
<msg timestamp="20240113 15:25:14.097" level="INFO">xpath criteria: //android.widget.Button[@resource-id="com.example.myapplication:id/book_flight"]</msg>
<status status="PASS" starttime="20240113 15:25:12.603" endtime="20240113 15:25:14.097"/>
</kw>
<status status="PASS" starttime="20240113 15:25:12.602" endtime="20240113 15:25:14.098"/>
</kw>
<kw name="Verify Price Book Page appears" library="PriceBookPage">
<kw name="Wait Until Element Is Visible" library="AppiumLibrary">
<arg>${confirmorderPriceBookPage}</arg>
<doc>Waits until element specified with `locator` is visible.</doc>
<msg timestamp="20240113 15:25:14.241" level="INFO">xpath criteria: //android.widget.Button[@resource-id="com.example.myapplication:id/confirm_order"]</msg>
<status status="PASS" starttime="20240113 15:25:14.099" endtime="20240113 15:25:14.241"/>
</kw>
<status status="PASS" starttime="20240113 15:25:14.099" endtime="20240113 15:25:14.241"/>
</kw>
<kw name="Click Confirm Button On Price Book Page" library="PriceBookPage">
<kw name="Click Element" library="AppiumLibrary">
<arg>${confirmorderButtonBookPage}</arg>
<doc>Click element identified by `locator`.</doc>
<msg timestamp="20240113 15:25:14.250" level="INFO">Clicking element '//android.widget.Button[@resource-id="com.example.myapplication:id/confirm_order"]'.</msg>
<msg timestamp="20240113 15:25:14.469" level="INFO">xpath criteria: //android.widget.Button[@resource-id="com.example.myapplication:id/confirm_order"]</msg>
<status status="PASS" starttime="20240113 15:25:14.243" endtime="20240113 15:25:14.469"/>
</kw>
<status status="PASS" starttime="20240113 15:25:14.242" endtime="20240113 15:25:14.469"/>
</kw>
<kw name="Verify User Is Booked" library="PriceBookPage">
<kw name="Wait Until Element Is Visible" library="AppiumLibrary">
<arg>${userbookedPriceBookPage}</arg>
<doc>Waits until element specified with `locator` is visible.</doc>
<msg timestamp="20240113 15:25:15.228" level="INFO">xpath criteria: //android.widget.CheckedTextView[@resource-id="com.example.myapplication:id/checkedTextView"]
xpath criteria: //android.widget.CheckedTextView[@resource-id="com.example.myapplication:id/checkedTextView"]</msg>
<status status="PASS" starttime="20240113 15:25:14.471" endtime="20240113 15:25:15.229"/>
</kw>
<status status="PASS" starttime="20240113 15:25:14.470" endtime="20240113 15:25:15.229"/>
</kw>
<kw name="Close Flight application" library="base">
<kw name="Close Application" library="AppiumLibrary">
<doc>Closes the current application and also close webdriver session.</doc>
<status status="PASS" starttime="20240113 15:25:15.231" endtime="20240113 15:25:17.183"/>
</kw>
<status status="PASS" starttime="20240113 15:25:15.230" endtime="20240113 15:25:17.184"/>
</kw>
<status status="PASS" starttime="20240113 15:24:44.714" endtime="20240113 15:25:17.191"/>
</test>
<status status="PASS" starttime="20240113 15:24:42.388" endtime="20240113 15:25:17.227"/>
</suite>
<suite id="s1-s2" name="InvalidSuite" source="C:\Users\user\OneDrive\Desktop\Sanbercode\QA\Sanber52-13-MobileAutomation\suites\InvalidSuite.robot">
<test id="s1-s2-t1" name="User should be able to login with invalid credentials" line="13">
<kw name="Open Flight Application" library="base">
<kw name="Open Application" library="AppiumLibrary">
<arg>remote_url=${REMOTE_URL}</arg>
<arg>platformName=${PLATFORM_NAME}</arg>
<arg>platformVersion=${PLATFORM_VERSION}</arg>
<arg>deviceName=${DEVICE_NAME}</arg>
<arg>appPackage=${APP_PACKAGE}</arg>
<arg>appActivity=${APP_ACTIVITY}</arg>
<doc>Opens a new application to given Appium server.
Capabilities of appium server, Android and iOS,
Please check https://github.com/appium/appium/blob/master/docs/en/writing-running-appium/server-args.md
| *Option*            | *Man.* | *Description*     |
| remote_url          | Yes    | Appium server url |
| alias               | no     | alias             |
| strict_ssl          | No     | allows you to send commands to an invalid certificate host like a self-signed one. |</doc>
<status status="PASS" starttime="20240113 15:25:17.387" endtime="20240113 15:25:30.042"/>
</kw>
<status status="PASS" starttime="20240113 15:25:17.385" endtime="20240113 15:25:30.050"/>
</kw>
<kw name="Verify Home Page Appreas" library="HomePage">
<kw name="Wait Until Element Is Visible" library="AppiumLibrary">
<arg>${Logo_HomePage}</arg>
<doc>Waits until element specified with `locator` is visible.</doc>
<msg timestamp="20240113 15:25:31.212" level="INFO">xpath criteria: //android.widget.ImageView[@resource-id="com.example.myapplication:id/imageView4"]</msg>
<status status="PASS" starttime="20240113 15:25:30.099" endtime="20240113 15:25:31.213"/>
</kw>
<status status="PASS" starttime="20240113 15:25:30.093" endtime="20240113 15:25:31.213"/>
</kw>
<kw name="Click Sign In Button On Home Page" library="HomePage">
<kw name="Wait Until Element Is Visible" library="AppiumLibrary">
<arg>${signIn_button_homePage}</arg>
<doc>Waits until element specified with `locator` is visible.</doc>
<msg timestamp="20240113 15:25:31.359" level="INFO">xpath criteria: //android.widget.Button[@resource-id="com.example.myapplication:id/login"]</msg>
<status status="PASS" starttime="20240113 15:25:31.215" endtime="20240113 15:25:31.359"/>
</kw>
<kw name="Click Element" library="AppiumLibrary">
<arg>${signIn_button_homePage}</arg>
<doc>Click element identified by `locator`.</doc>
<msg timestamp="20240113 15:25:31.365" level="INFO">Clicking element '//android.widget.Button[@resource-id="com.example.myapplication:id/login"]'.</msg>
<msg timestamp="20240113 15:25:31.549" level="INFO">xpath criteria: //android.widget.Button[@resource-id="com.example.myapplication:id/login"]</msg>
<status status="PASS" starttime="20240113 15:25:31.359" endtime="20240113 15:25:31.549"/>
</kw>
<status status="PASS" starttime="20240113 15:25:31.214" endtime="20240113 15:25:31.549"/>
</kw>
<kw name="Verify Login Appreas" library="LoginPage">
<kw name="Wait Until Element Is Visible" library="AppiumLibrary">
<arg>${emailInputLoginPage}</arg>
<doc>Waits until element specified with `locator` is visible.</doc>
<msg timestamp="20240113 15:25:32.520" level="INFO">xpath criteria: //android.widget.EditText[@resource-id="com.example.myapplication:id/username"]
xpath criteria: //android.widget.EditText[@resource-id="com.example.myapplication:id/username"]</msg>
<status status="PASS" starttime="20240113 15:25:31.551" endtime="20240113 15:25:32.521"/>
</kw>
<kw name="Wait Until Element Is Visible" library="AppiumLibrary">
<arg>${passwordInputLoginPage}</arg>
<doc>Waits until element specified with `locator` is visible.</doc>
<msg timestamp="20240113 15:25:32.666" level="INFO">xpath criteria: //android.widget.EditText[@resource-id="com.example.myapplication:id/password"]</msg>
<status status="PASS" starttime="20240113 15:25:32.521" endtime="20240113 15:25:32.667"/>
</kw>
<kw name="Wait Until Element Is Visible" library="AppiumLibrary">
<arg>${signInButtonLoginPage}</arg>
<doc>Waits until element specified with `locator` is visible.</doc>
<msg timestamp="20240113 15:25:32.795" level="INFO">xpath criteria: //android.widget.Button[@resource-id="com.example.myapplication:id/signIn"]</msg>
<status status="PASS" starttime="20240113 15:25:32.667" endtime="20240113 15:25:32.795"/>
</kw>
<status status="PASS" starttime="20240113 15:25:31.550" endtime="20240113 15:25:32.796"/>
</kw>
<kw name="Input User Email On Login Page" library="LoginPage">
<arg>${INVALID_EMAIL}</arg>
<kw name="Input Text" library="AppiumLibrary">
<arg>${emailInputLoginPage}</arg>
<arg>${email}</arg>
<doc>Types the given `text` into text field identified by `locator`.</doc>
<msg timestamp="20240113 15:25:32.803" level="INFO">Typing text 'test@gmail.com' into text field '//android.widget.EditText[@resource-id="com.example.myapplication:id/username"]'</msg>
<msg timestamp="20240113 15:25:32.952" level="INFO">xpath criteria: //android.widget.EditText[@resource-id="com.example.myapplication:id/username"]</msg>
<status status="PASS" starttime="20240113 15:25:32.798" endtime="20240113 15:25:32.953"/>
</kw>
<status status="PASS" starttime="20240113 15:25:32.797" endtime="20240113 15:25:32.953"/>
</kw>
<kw name="Input User Password On Login Page" library="LoginPage">
<arg>${INVALID_PASSWORD}</arg>
<kw name="Input Text" library="AppiumLibrary">
<arg>${passwordInputLoginPage}</arg>
<arg>${password}</arg>
<doc>Types the given `text` into text field identified by `locator`.</doc>
<msg timestamp="20240113 15:25:32.960" level="INFO">Typing text '123456' into text field '//android.widget.EditText[@resource-id="com.example.myapplication:id/password"]'</msg>
<msg timestamp="20240113 15:25:33.554" level="INFO">xpath criteria: //android.widget.EditText[@resource-id="com.example.myapplication:id/password"]</msg>
<status status="PASS" starttime="20240113 15:25:32.955" endtime="20240113 15:25:33.555"/>
</kw>
<status status="PASS" starttime="20240113 15:25:32.954" endtime="20240113 15:25:33.555"/>
</kw>
<kw name="Click Sign In Button On Login Page" library="LoginPage">
<kw name="Click Element" library="AppiumLibrary">
<arg>${signInButtonLoginPage}</arg>
<doc>Click element identified by `locator`.</doc>
<msg timestamp="20240113 15:25:33.561" level="INFO">Clicking element '//android.widget.Button[@resource-id="com.example.myapplication:id/signIn"]'.</msg>
<msg timestamp="20240113 15:25:34.197" level="INFO">xpath criteria: //android.widget.Button[@resource-id="com.example.myapplication:id/signIn"]</msg>
<status status="PASS" starttime="20240113 15:25:33.557" endtime="20240113 15:25:34.197"/>
</kw>
<status status="PASS" starttime="20240113 15:25:33.556" endtime="20240113 15:25:34.198"/>
</kw>
<kw name="Verify User Is Logged In" library="HomePage">
<kw name="Wait Until Element Is Visible" library="AppiumLibrary">
<arg>${userNameTextHomePage}</arg>
<doc>Waits until element specified with `locator` is visible.</doc>
<msg timestamp="20240113 15:25:42.203" level="INFO">&lt;?xml version='1.0' encoding='UTF-8' standalone='yes' ?&gt;
&lt;hierarchy index="0" class="hierarchy" rotation="0" width="1080" height="1794"&gt;
  &lt;android.widget.FrameLayout index="0" package="com.example.myapplication" class="android.widget.FrameLayout" text="" checkable="false" checked="false" clickable="false" enabled="true" focusable="false" focused="false" long-clickable="false" password="false" scrollable="false" selected="false" bounds="[0,0][1080,1794]" displayed="true"&gt;
    &lt;android.widget.LinearLayout index="0" package="com.example.myapplication" class="android.widget.LinearLayout" text="" checkable="false" checked="false" clickable="false" enabled="true" focusable="false" focused="false" long-clickable="false" password="false" scrollable="false" selected="false" bounds="[0,0][1080,1794]" displayed="true"&gt;
      &lt;android.widget.FrameLayout index="0" package="com.example.myapplication" class="android.widget.FrameLayout" text="" checkable="false" checked="false" clickable="false" enabled="true" focusable="false" focused="false" long-clickable="false" password="false" scrollable="false" selected="false" bounds="[0,63][1080,1794]" displayed="true"&gt;
        &lt;android.widget.LinearLayout index="0" package="com.example.myapplication" class="android.widget.LinearLayout" text="" resource-id="com.example.myapplication:id/action_bar_root" checkable="false" checked="false" clickable="false" enabled="true" focusable="false" focused="false" long-clickable="false" password="false" scrollable="false" selected="false" bounds="[0,63][1080,1794]" displayed="true"&gt;
          &lt;android.widget.FrameLayout index="0" package="com.example.myapplication" class="android.widget.FrameLayout" text="" resource-id="android:id/content" checkable="false" checked="false" clickable="false" enabled="true" focusable="false" focused="false" long-clickable="false" password="false" scrollable="false" selected="false" bounds="[0,63][1080,1794]" displayed="true"&gt;
            &lt;android.view.ViewGroup index="0" package="com.example.myapplication" class="android.view.ViewGroup" text="" checkable="false" checked="false" clickable="false" enabled="true" focusable="false" focused="false" long-clickable="false" password="false" scrollable="false" selected="false" bounds="[0,63][1080,1794]" displayed="true"&gt;
              &lt;android.view.ViewGroup index="0" package="com.example.myapplication" class="android.view.ViewGroup" text="" resource-id="com.example.myapplication:id/toolbar" checkable="false" checked="false" clickable="false" enabled="true" focusable="false" focused="false" long-clickable="false" password="false" scrollable="false" selected="false" bounds="[3,63][1074,333]" displayed="true" /&gt;
              &lt;android.widget.ImageView index="1" package="com.example.myapplication" class="android.widget.ImageView" text="" resource-id="com.example.myapplication:id/imageView3" checkable="false" checked="false" clickable="false" enabled="true" focusable="false" focused="false" long-clickable="false" password="false" scrollable="false" selected="false" bounds="[31,63][265,314]" displayed="true" /&gt;
              &lt;android.widget.LinearLayout index="2" package="com.example.myapplication" class="android.widget.LinearLayout" text="" resource-id="com.example.myapplication:id/linearLayout" checkable="false" checked="false" clickable="false" enabled="true" focusable="false" focused="false" long-clickable="false" password="false" scrollable="false" selected="false" bounds="[40,331][1040,1029]" displayed="true"&gt;
                &lt;android.widget.TextView index="0" package="com.example.myapplication" class="android.widget.TextView" text="Enter username" resource-id="com.example.myapplication:id/textView2" checkable="false" checked="false" clickable="false" enabled="true" focusable="false" focused="false" long-clickable="false" password="false" scrollable="false" selected="false" bounds="[40,331][1040,431]" displayed="true" /&gt;
                &lt;android.widget.EditText index="1" package="com.example.myapplication" class="android.widget.EditText" text="test@gmail.com" resource-id="com.example.myapplication:id/username" checkable="false" checked="false" clickable="true" enabled="true" focusable="true" focused="false" long-clickable="true" password="false" scrollable="false" selected="false" bounds="[40,431][1040,636]" displayed="true" /&gt;
                &lt;android.widget.TextView index="2" package="com.example.myapplication" class="android.widget.TextView" text="Enter password" resource-id="com.example.myapplication:id/textView5" checkable="false" checked="false" clickable="false" enabled="true" focusable="false" focused="false" long-clickable="false" password="false" scrollable="false" selected="false" bounds="[40,636][1040,759]" displayed="true" /&gt;
                &lt;android.widget.EditText index="3" package="com.example.myapplication" class="android.widget.EditText" text="••••••" resource-id="com.example.myapplication:id/password" checkable="false" checked="false" clickable="true" enabled="true" focusable="true" focused="false" long-clickable="true" password="true" scrollable="false" selected="false" bounds="[40,759][1040,993]" displayed="true" /&gt;
              &lt;/android.widget.LinearLayout&gt;
              &lt;android.widget.Button index="3" package="com.example.myapplication" class="android.widget.Button" text="Sign In" resource-id="com.example.myapplication:id/signIn" checkable="false" checked="false" clickable="true" enabled="true" focusable="true" focused="false" long-clickable="false" password="false" scrollable="false" selected="false" bounds="[454,1100][623,1226]" displayed="true" /&gt;
            &lt;/android.view.ViewGroup&gt;
          &lt;/android.widget.FrameLayout&gt;
        &lt;/android.widget.LinearLayout&gt;
      &lt;/android.widget.FrameLayout&gt;
    &lt;/android.widget.LinearLayout&gt;
  &lt;/android.widget.FrameLayout&gt;
&lt;/hierarchy&gt;</msg>
<kw name="Capture Page Screenshot" library="AppiumLibrary">
<doc>Takes a screenshot of the current page and embeds it into the log.</doc>
<msg timestamp="20240113 15:25:43.209" level="INFO" html="true">&lt;/td&gt;&lt;/tr&gt;&lt;tr&gt;&lt;td colspan="3"&gt;&lt;img src="data:image/png;base64, iVBORw0KGgoAAAANSUhEUgAABDgAAAeACAYAAAArYecKAAAAAXNSR0IArs4c6QAAAARzQklUCAgI
CHwIZIgAACAASURBVHic7N15eFxV/cfx9zl3Jnu677R0YSkUSktLKS2WXZF9VRCVRURFBIqggKIs
+hMBoSgoCiibICIIAoIoyC47tFBK2brQsrW0tDRNk8zce35/3JnJTDKTzCSZJNN+Xs+Tp5nJXc69
Ex6e+8k536/hqAMcIiIiIiIiIiIlzPb0AEREREREREREOksBh4iIiIiIiIiUPAUcIiIiIiIiIlLy
FHCIiIiIiIiISMlTwCEiIiIiIiIiJU8Bh4iIiIiIiIiUPAUcIiIiIiIiIlLyFHCIiIiIiIiISMlT
wCEiIiIiIiIiJU8Bh4iIiIiIiIiUPAUcIiIiIiIiIlLyIj09AOmdPGvZbMBADps2g30nTWHCyM0Z
VNsHgFXr1rHwg+U8NO8l7nrufyxf/Ql+EPTwiEVERERERGRTZjjqANfTg5DewRjDxFGj+cNJ32Pq
uC2JWA9jTJv7OOfwg4B5Sxfznet/y0uL38E5/UqJiIiIiIhI91LAIQCMHjSExVf9EaDdUCOXZLAR
/eohmtEhIiIiIlKi+lVXM2n0WCaPHke/6prEv9Wpn69Zv565SxexZn0dc5cuYt7SxaxZv74HR9x5
k8eMY+6SRUU/x5xjT2pzmzNuvq7o49iYaYnKJq6yrIwnL7iUHcdu0eFgIym5/40nn8HXf3t5Vwyv
W9RUVPCNPb7AmCFDCt53dV0dD859kdeXvUdDrKkIo+uYskiEmopKVtetS70X9SJMHjOW6VuOZ9zQ
Yan36xoaWPTxR3y8dg3Pv/smn9bVESTCqgE1tdQ1bKApHu/2axARERGR7jNm8FAO2Wk6h06bwR4T
Jra7/aHTdsl4/diC17jnhWf4x4vPsWTlx8UaZlEcv/s+HL/7Puxx0TlFPU+/qup2722/quo2fy5t
U8CxCRs7ZCgLr/gDZZGu/TU4ZKddMMbgnKOqrJz6psYuPX5Xqq2s5NhZe3PmgYdRU1FR8P6N8Rj7
7jCF8/92K08snE/c94swysIMrK3l0J1msNf2O3DVv+5n/rIlfGGHKRwxfSZbD9+MwX36UltRmdo+
Hvis27CBDU1NLP1kBfe99Dz3vvgcY4cM5ZR9D+C/81/lnhefYdW6dW2cVURERERK0R4TJnL6foe0
Ciw6cpw9JkzkyuO+xT0vPMuvH/wHjy14rYtGWTzH774PN5w8m8cXzO/poUgXUMCxiTpo6s7cc9ZP
sJ2ctZFNdUUFQ/r05eO1azj30C/x2rKl3PHMk11+ns6qLq9g/8k7ccYBh7D5oMEdPs7g2r4cNHVn
Fq/8iMUrejat7lddzUFTpnP2IUcyov8ARg0czILl77Hr+AlsMXQ4lWVlWfcb0qcfANuMGMk2I0Zy
8NTpDKytZftRo5m2xdb4QcA9Lz5T8lMPRURERCS0x4SJnH/kMXnN1ijUodN24dBpu/DYgte48M7b
em3QkQw3imXymHEcslNzcDRmcPszxo/bfW92T/tM/vHis1qyUgAFHJugGVtvU7RwA8Aawxd22JFb
nnyUFxe9w91n/pjV69bx8Py5RTlfR9RUVHDAjtP40WFHMXrQEBZ+sJy//u8JAKy1nHfYUTz15gKe
eCOclTFy4CC+vMss/vv6PBYsX0ZTPMbkMePYbdvt6V9dw6TRYxnat3+PBxyxuE9DrInaikqqyyuY
ufW2TBo9lj6VVQD4QcB7n6xk6ScrWLpyBQBV5eVsPmgwU8ZuQdSLsMXQ4YwZPBRrDMYYaisqaYg1
EYv3/OwUEREREemcftXV3PCdMzo9YyMfe0yYyB4/vZgbH3+YM26+rlf9sazY4cYFRx7D+UceU/B+
x+++T6vjXHjnbVxw521dNbSNWrcGHFsMHc5h02aw49hxDKipxRrLp+vreH3ZUh6Y+yIvLXqnKOcd
M3goB0+dztRxWzKgpoaKaBnrGjawZOXHPPb6a9z70nMFHe+ULxxIxLMF7RO2VX25oH2KYUT/ATx1
4WVFCzeSDp02g1uefJQP16zGGMNDP/4ZY0/9Bu99srKo581HbWUl+0/eiXMO+RI7bD6GxliMxSs+
4pr/PACELXJ/dOiXeXnxu1z7yL9ojMWYOm5LDthxGo++/ir3vfQ86xsbOHrmbkweM47+1TUMqKnN
OTuiO21oauTJha/zu3//k/MOP5qySIQ+lVX4QcCyVSu58fFHeOHdt/h0fR2f1tUBYb2OftU17LD5
GA6aOp1Z22yXupaYH+d3//4nTy58nQ29eKmRiIiIiLRv8phxPPqTizMKhnaH43ffh0N3msGePzu3
V8xGKHa4ATB7/0O67Fin73eIAo48dUvA0b+6hiuP+xZf2uVz2R8CZ8zi/COP4ZH585h907W88f6y
LjnvwNpaLv/aN/nyjFk5Hz7P2P9Q3nh/GT++/WbufuGZdo/Zv7qGq074dsEFOf/y9OM9HnBEPI8F
l19T9HADYNvNRmGMoTIa3ndrDAsuv4b+3ziamN9zBSv7VFax/4478YODjmDymHGp9xtjcT5euwYI
Aw6A9Y0NrFi7loZYE6vr6vCDgLX19az4bA11DQ18tqE+1S0m4nndcl/bEziXqgOSvI76xkaeWDif
mx5/hP/Of5UVn63Juu9Li97hxUXvcPTM3Thut73pV12NNZa19fXUNzamCo+KiIiISOnpjof6tvSr
ruaVX/6GE665khsff7jHxtFd96FvFxYL7e5AqpQVNg2hA8YOGcrTF13Gsbvt1eZfuD1r+cIOO/Lk
BZcya5vtOn3eLYYO5/HzL+G43fdu9y/r2242ijtmn8MZ+x/a7nHHjxjZ6W4jPeW33zi5S/9Da8uQ
Pv1wzrHNZqNS71WXV3DTd8/olvNn07eqmgOmTOOsAw9nytgtemwcxeRZy5bDRnDE9F3xrCXmx3lt
2RIuuusv/P35/+UMNyAMdJ59eyG/efBenn5rARuamvCs5bCdZzBq4KBuvAoRERER6Uo3nDy7R8ON
dDecPLtLZzcUoqdDHim+os/g+Ovp57Bt2kPuUwsXcOvTj/LK4kX4QcD4EZtx2LQZHLbzTKwxDKyt
5dZTf8DEH5zC2vqOrdGKehFuOeVMthu5eeq9Z95ayB3PPslLi96hrqGB8SM248jpu6bOG/E8fnnM
8cxduohHX38157FHpxWjjPs+b3/0QV5jWr76kw5dS1f65l77dtu5yiIRjDGtihYdNXM3jrnqsm4b
R1K/6mr2m7wTZ+x/KFPHbdnt5+8u/atr2HX8tkwYGf43t2LtWq595F8889bCvI+xaMVHXPfIQ2w/
ajSjBw1h2hZbMXP8try3amWvWjcpIiIiIu1LtkDtTeYcexJr1q/v1pkc2cKNeUsXM2n02G4bgxRf
UQOOHxx0BNO22Cr1+op/3sOZt1yfsc2Li97m1qce44z9D+WKY78JwKiBgzjzwMP46R1/7tB5T9/v
YGZsvU3q9dUP3c+pN/w+Y5tXlrzL7f97gh8cdASXfvUEIHwo//FhR7UZcGw2YGDq+yUrVzDhzJM7
NMbuZIzhnV9f1+YSCpdj+UFHZ6s0xJoAWoUJ1hhWXHsrQ7/9tZzn7Gr9qqvZf/I0Zu9/SMbv48Zo
aN9+zNx6W6JehPWNDTz95gLueeFZol6ErYePYO/tJ7Ny3Vrufv6Z1GdUES3jsJ1nMLi2L4/Mn8tb
H37AI/Pn8sxbCxlU24fq8gr22m4Sjy+Yr4BDREREpMQUo0tKV9hjwsRuCziyhRsnXHMlYwYPUcCx
kSlqwHHUjFmp719Z8m6rcCPdnAfu4eu77cmOY8KlA5+fOLnDAcc39vx8xnlbhhvpLrvvLvadNIW9
t58EwMytt6V/dQ2frq/Luv2wfv1T37c13b83KYtEGD0osyWRc47AORat+Ij7XnqeB+e+yNKVK1JL
HKaM3YIJIzfn6YUL+NKMz7HzFlunZmXk48M1n2KAkWmBUNKAmlrKI9HUA3Yx9a+uYb/JO3Hafge1
GW5UlZczZvBQoLl2Rd+qKkYPHkJjLMbwfv3xrGVQbR9GDxrC+sZGBtX2JWK9ol9DIQb16ZMKldbW
1/PUmwtYXbeO/tU1fPVze3L8Hnvz4aefsmD5e8xbuhiA8SM246wDD2d4//4M69efy+67i0/X1/HQ
vJeZufW2VJdXMHXclgyq7dOTlyYiIiIiHXD8NXOYPGZcr3qQn7d0McdfM6dbzpUr3Ljx8Ye5oANd
TqR3K2rAsf2o0anv/zW3/QKbz7y1MBVwbDlsRIfOOX7ESLYZMTL1+s9PPtruPnc993Qq4KgsK2Pi
5mN44o35Wbcd2rc54EgWpeztvrfvgamHduccy1Z9wreuu4r/vPoKAFsNG8EVx57EFydPJT2+2Gr2
t3j34w+56qH7gDDc+e03TubgqdOJeG0/2M9buoiRAwdREW1d/8Qaw/cPOJRf3HNH11xgG8YMHspX
dt2N6VuOz7lNxPMYP2IzfnL40UA4a8UYw+fGb0dNeSV+EDC4T1/6VFZx8E7Tmbj5GOK+z1bDR9C/
uqbo11CImvJKRg4I62XUNzby9ofhEirPWob168/wfgOoraiiPBpN7VMejbL18M2oqahgWCLIAZi/
bCl1DRsAGDlgENXlFd18NSIiIiLSFfa46BzmXnJVqz969oSln6xgj4vO6ZZztRVuyMapaAFH36pq
7n/5+dTrJxe+3u4+Kz5bm7Z/Vc7tLv3qCXx+4o4sX/0JZ97yR9768P3UzyaNHpsxy+DpN99o97xv
fvB+xuu2HlqH9O2b+v7DT1e3e+yeZo3hu184AOcc761ayZ4XncviFR8D8JVdd+fqE75D/+qaVjMz
AudYsvLjjPc+WvMpR1zxCyqiZfzf0ccye/9Dci57ufPZpznvsKOz/swYw7f32a9bAo4BNTWMHTKs
zW08axk9aEjGzB8If5daJt2zttmuS4rgdoe6hg3MX7Y08X0Df33mCRpjMT7bUJ8KPgDe/vADfvfv
f9Knsop7XnyGuoYGIPyfz30vP8+r7y0BSifQExEREZFMa9av59Bf/ZzHfnpxtzUdyGZtfTiO7lj2
rHBj01S0gGNt/XqOnHNxQfukhxq5logcNWMWPzjoCCDs49wYi2WcZ+nKFVx6712p1+nhRy6D+2RO
vX9/9arc29Y2BxwflEDAYYxh9KAhTD13NnOXLsI5R9+qaj657rY2Z2EsX/VJqgVqSw2xJs685XrO
vOV66m/+OxXRaEZAEjjHEwvnc/dZ5+Vc0jJSXTmKriHWlCpu2xBr4j+vvsLz77zFhqamjOVBn66v
4/y/3UplWRlr69en2sGu/GwtV//rfirKwtkepfD7LiIiIiLZzV2yiOOvmcPdZ57XY2M4/po5zF2y
qPjnUbixySp6F5VCfG5881/Gk/UBWho1cHDG6/SaGADPvfMmz73zZkHnnbbF1qnvP1n3GS8uejvn
toPSwpBlq1YCYf2GKWO3oE9lFSvWruXND5ezbsOGgsZQLLWVlfQ/8ajUeH540BFcfMzx7RYc/e/r
8/I6fvWxh/P7k77HSXvtmwozVtet4+iZu9FWtY7SbLRb2gLncgaHDbGmrDVRekP3HxERERHpGve8
8CwX3nkb5/dA7YkL77yNe154tujnUbixaes1AcepX8wsAvm7f/8z63Z3Pvc0p37xIDYfNJimeJxb
8qix0ZaoF+GI6TNTrx+a13atkIE1zQHHVsNG8OQFlzJti60yahrUNzby3Dtv8qv7/84Dr7zYqfF1
VnL6lzWGe876CQdOmZZXodB824o64NvXXc0b7y/jiq9/E2MMNz3+CHOOPanDHVika1SXV6Rq2nSF
dz/+kM821HfZ8URERESk+11w522MGTyU43bfu9vOedPjj3DBnbcV/TzXf/s0TtzzCxnvKdzYtPR4
wDF+xEhO3+9gTtpr39R7dz73dM50b8nKj5l89qlM33I8i1Z8lNcSlLb85IijU90zGmMxfnX/33Nu
O7RvP2oqmgstnnd49hoTVeXl7LndDuwxYSJXPXQfp994bafG2BWevPBSZm69bd7bv/vxhwUd/8oH
/kFZJMIvjj6OgbVhlxTpWZsNGMh5hx/V5jbGmLzb9f7injt4adE7XTE0EREREelBs2++tts6q8xb
upjZNxf/eUjhhkAPBByv/PI3VJWXY4yhT2UVQ/r0Tf2l3znHn596lG9de3Wbx/h0fR3/mvdSp8ey
53Y7cNaBh6deX/OfB9pcE7b18M2yvr9q3To+21BPZVkZQ/v2S12PMYbTvngwDU0xzr7thk6PtyOM
MVz/rdOYsdU2Be23rqHwJTaX3nsX/atrOPvgI9udvaHZHcU3oKaWw3ee2f6GefrTo//psmOJiIiI
SM9JFh2de8lvilp0tLuKiirckKRuDzi2Gj4ia7tJ5xyX//NufvSXm4n58aKPY8zgodxw8mwqy8I2
pq++t4Rz/3JTm/v0q66mKR6nLBLetkdff5WL7voLjy14LbXN9qNGc84hX+KYXXdPPcTP3v8Q7n/5
+bw6yXS1Hx36ZU7YY5+CA4WOzMAY3m8AZx14eF7nynfWgBSmrnEDb36wvMuON3rwkKytfkVERESk
tC1Z+TF7XHQur/zyN0U7xx4XnduqM2NXU7gh6bo94NjQ1IRnLQaTUbfCGMNZBx7OfpN34jvXX81T
CxcUbQy1lZXcMfucVB/otfXr+c71V2ctspjuvpeeZ8TJX+fAKTszsKaWK/55T6tt5i9byteu/hXv
r17FDw8Ou72URSKcvt/BPRJwdLSl6fD+Awravl91NYuuur7NzixSfO989CE/v/uvXXa88484hi2H
De+y44mIiIhI7zF3ySJOuObKVkU5u8IJ11xZ9I4p2cKNS+69U+HGJqzbA47BJzVX7O1fXcMeEyby
5RmzOGL6TKJehO1Gbs4/zvoJe1x0Lq+9t6QoY7hj9jmpgqZx3+eUP12Td1HNVevWcdPjj7S73dm3
3cAXJ09lh83HALD39pM7PuBOuPqh+/nCDjsWvN+k0WO545kn89p2i6HDeePya4hGerykyybv/dWr
+HMnC++mO+ULByjgEBEREdmI3fj4w0weM47T9zu4y4756wfvLXrIkC3cAPjX3M6XMpDSZXvy5J+u
r+PuF57hK7+5lCOvuJi6hgYgrB1w0Ze+VpRz3nzK9/nipKmp1xfe9Rdufeqxopzr9v89nvq+X3V1
h2dTdMYj8+dS6GIQYwx7Ttghr+1O/vz+vDnnDwWHG1qgUhwRz6NvVTV9q6qzLgUTEREREWlp9k3X
8viC+V1yrMcXzGf2TcUtKpor3BDp0YAj3b0vPccfHn4w9XrfSVMYOWBQl57j0q+ewNdn7ZV6fdW/
7uPnf7+9S8+RruWSlLFDhhbtXLk0xGLUdaBg6PStxmPbqKXRv7qGD39/C7878bt4tvBfo7oNhY9J
2jei/wCOnrkbR82Yxb6TpnSqfkZVeTme1ZIjERERkU3BoZf/jHlLF3fqGPOWLubQy3/WRSPKTuGG
tKXXBBwAt//vidT3lWVlzNq262Y8nHXg4RkdU/785KOcduMfuuz42bz3ycqM1/2qaop6vmycc/zn
1VcK3s8ANRWVme8Zw9ghQ3nigktYdf1fGNq3X4fH9cjr8zq8r+S2/ajR/O7E7/KHk77HhV/6KlsM
HdbhY+04ZgtqKyvb31BERERESt6a9es5/po5rK3vWMeTtfXh/sXsmKJwQ9rTqwKOeUsXZ3TXGDN4
SJcc99jd9uIXXzk21d3j/pef5+u/vbxLjt2WlgFBXWPPzFo4/2+3EgRBQfsYY5hz7ElUlpWx9fDN
uPK4b1F/8128c+V1zNpmu061eXXO8ePbb+7w/pJbUzzOmvV1QBgSjhnc8VlDWw8fQVVZORAWB44H
fpeMUURERER6p7lLFnH8NXM6tO/x18wpalFRhRuSj6IFHEfP3I0Nt/w99TVp9Nh29+lTVZnx4Lyh
qe2uJvnYf8ed+N2J3yXqhTUinlz4Okf9+pKCjzNj621Ye8MdrL3hDtb86a95PTgmC4wmLV/1ScHn
7QoL3l9GY7zw1rvH77EPq/94Owuv+D2n73cwFdEybAeWo7TUFI+zsAtbmUqzT9Z9lppa2L+6hj23
26FDS4iiXoTtR42hpiKs4/HcO2+yYu3aLh2riIiIiPQ+97zwLGfcfF1B+5xx83Xc88KzRRqRwg3J
X9ECjvdXr6IiWpb6mr7l+Hb3aVnYctHHH3VqDLtstQ03f/fMVLHFV5a8y2GX/5z6xsaCj/XK4kWU
R6L0qayib1U1h+w0vd19Pj+xuXtJXUMDT7zR/W1iIZwxMfMnZ2XMjsmHNYZL772rSwuCOueY+dPC
xyL5+XjNGp5+cwGBcwyoqeWAKdPYctiIgo+z49hxHDR1ZwbU1OKcY+6SRayq+6wIIxYRERGR3ubK
B/6RV+dIgJsef4QrH/hH0caicEMKUbSA48mFr/Px2jWp19/ca9929zlxr+Zf3DXr1/NgJ1r8jB8x
kjtmn8PA2loA3vxgOYf+6uesWreuQ8driDXxv7feSL3+5l77pmaFZLPtZqM4YvrM1OsnF86nIdb5
GSkdNe+9xazpwHq6Hxx0BN+69qouCyTW1tfzSpH7YW/KPlyzmgfnvsSyVWH9lxH9B3DG/odQlmeX
G2MMVeXlnHfY0YwaGBb5XVO/nn+/+goffLq6aOMWERERkd7l+GvmtFt0dN7SxR1e0pIPhRtSqKLW
4EgvGjpti6246/s/on9160KbFdEyfnfidzPat/75qUeJ+dmXVVz61RN45Ze/4b4f/pSth2/W6udD
+/bj79//UeoBbdmqTzjs8v9rVfSzUNc+8q/Ug/72o0Zz5/fPzXo9E0Zuzh2zz6FvVTUAgXNc/dD9
nTp3ZznnmHLO6QQFBhUV0Sj7TJzMD2+9odMhR+AcU845TbM3imzRio+4+Yn/EjhHn8oqDpo6nS/t
8jnKo9E2a6d41jKkT18u/spx7LbtdlREywic42/PPsUb7y8j7qsGh4iIiMimZI+LzslZdHRt/Xr2
uOicop1b4YZ0RH5/1u2gn9xxC3tMmJiqv3H4zjPZfduJPLbgVRat+AjnYNTAQey27fZsNmBgar/5
y5ZywZ23Zj3mUTNm8YODjgBg8phxNMZiHDnn4oxtbj7lTCaM3Dz12jnHX077YUFjv/Hxh1tNtbr9
f09w2LQZfHnGLAAOnjqdt668lv/On8eSlSvwrGWr4SPYe/tJqWUxADc/8QgPvPJiQecvhiUrP+bC
O2/jgiOPybtIqDGGo2bM4k+P/odjf3cFN3/3+x0qMOqc4xd3/5XFKz8ueF8pzEdrPuWeF57hS7t8
jm1GjGRE/wFcc+Ip7LLVNsz55z28t2plRshkjMFgmDl+G+YcexITR40h4nk453hp0Tv89qH7WaLP
TURERGSTs2b9eva46Fwe++nFqT/eQjLcOLdoHVM6E24ct/ve7D5hYl7b5rudlI6iBhzrNmxgv4vP
59ZTz2LP7cL6GgNrazli+q4593n27YUcc9VlOZeSjBo4OOP1sH79W23TsvvK5oMGs/mgwa22a8vw
fgOyvv+1qy/HDwKOnrkbxhgG1fZJBR7Z3PPCs5x8/e8KOncxXXTXX9h30hRmbr1t3vsYY3jw3Avp
f+JRjPjOsbz/+5uxBYYcL7z7Nj/9W/bQqpia4nHWNzQU/TzrGxpo6kAh12JZsHwZP7z1T9x26g+p
qaigtrKS7+17ICfttS/3v/w8r763JJXG77D5WCaNDr8inpc6xtsffcDsm65lwfvLeuoyRERERKSH
zV2yiNk3XccNJ89OvTf7puuK1jGlszM3jt99ny4cjZSaoreJ/XDNavb62Y/4zvW/5cVFb+NnaVfq
nOP15e9x1p//yIyfnMXiFbn/Wnznc0+nlpo0xePc8uSjRRt7NjE/zjFXXcZXfnMpT7+5IOf1LFj+
Hqf86RoOu/znPVp7I5vPnf9DXl/+XkH7eNay5k93UN/UiPeVg7jt6cfyXu6y8IPl7PKTM3tkacqa
+vUs/WRF0c+z9JMVHapxUiwNsSYeW/Aa37ruKurSAp7yaJTDdp7JTw4/ml997UR+9bUTOW73vZky
douMcOOxBa9xzFWX8cK7b2tpioiIiMgm7sbHH+bXD94LwK8fvJcbH3+4KOfRshTpLMNRB3TrU+fI
AeGSlKF9+2GtYeVna/nfW2/wzkcf5n2M/tU1TN9yPItWfMRbH75fxNG2b7MBA9l924kM69cP52Dl
urU8/85bPT6u9hhjuO+HP2X/yTsVtOSkMRZj0tmn8uYHy+lbVc21J32PI3f5HCZxzHTOOf417yUO
vORCxg4Zxpr6OtZt2NCtMx0qomUcucuu/OGb36OqvLwo56hvbOTb11/Nnc8+3avCLGMMZZEIWw/f
jO/ssx9fn7UXtZWVbe7zwaerufqh+7jxsUf4eO2nBddsEREREZGN1/G771O0cOOoGbP4w0nf6/Rx
3vnow4w/8OVr7tJFzL7p2k6fP+mxn/6S3Sds3yXHenzB/KLWO9mYdHvAIb3Lt/b+Ir//5ikFhRxB
EDD75uu4+qH7cc5hjWHP7Xbg3EO/zLQttqKmInyI/v7N16WS3ttPP5s16+sY3KcvR1zxi6JcSy79
qqvZe/vJfO1zezKkb98uPfaKtWv581OP8sj8uUVbg9hZnrVURMsYUFPD4TvPZNTAwYwaOIiRiSK8
AAuWv8e/X32FpxYuYE19HQ2xmIrBioiIiIh0UL/qaq489luMGTy0U8dZsvJjZt98ba991uhtFHAI
fSqrePHiKxk3ZBiezW/VknOODz5dzejvnUDgXMbDcHk0isFkzGaoragEE9aq6O5ZAcmZDFVl5Vhb
eIHUtgSBo76pkaZ4vNcHAsYYKsvK8KxNfSXF/YCGWFNJXIeIiIiIiEg2CjgECB9+I9bjtcuuZouh
w/GszWtWR+Ac73z0Afv8/McsW/VJN4xUREREREREpLWidlGR0uGcI+bH2eb73yHqRfji5Cl8rXd9
mAAAIABJREFU/4DDmDx6HH2rqnBAMu5IJmLrNtQzd8ki5jzwDz5c82kPjVxEREREREREMzhERERE
REREZCNQ9DaxIiIiIiIiIiLFpoBDREREREREREqeAg4RERERERERKXkKOERERERERESk5CngEBER
EREREZGSp4BDREREREREREqeAg4RERERERERKXkKOERERERERESk5CngEBEREREREZGSp4BDRERE
REREREqeAg4RERERERERKXmmqanJJV+UlZX15FhERERERERERNrU1NSU9X3N4BARERERERGRkqeA
Q0RERERERERKngIOERERERERESl5CjhEREREREREpOQp4BARERERERGRkqeAQ0RERERERERKngIO
ERERERERESl5CjhEREREREREpOQp4BARERERERGRkqeAQ0RERERERERKngIOERERERERESl5CjhE
REREREREpOQp4BARERERERGRkqeAQ0RERERERERKngIOERERERERESl5CjhEREREREREpOQp4BAR
ERERERGRkqeAQ0RERERERERKngIOERERERERESl5CjhEREREREREpOQp4BARERERERGRkqeAQ0RE
RERERERKngIOERERERERESl5CjhEREREREREpOQp4BARERERERGRkqeAQ0RERERERERKngIOERER
ERERESl5CjhEREREREREpOQp4BARERERERGRkqeAQ0RERERERERKngIOERERERERESl5CjhERERE
REREpOQp4BARERERERGRkqeAQ0RERERERERKngKOXsyk/o1gAIMFQ+L7xGsg/BhtYnvT/L5h4/6E
DSQvMLx2r/nmNP/Tgk3bxgKR1MG8og1UREREREREii3S/ibSU1z6dwZwBuPAhS9IfgdBYisDxqTe
DX9kMo60UXFgCHAGnLNgfDwHPoBJXLWD5pTHAQE4k/baAR4Q4LMR3ysREREREZGNnAKOXswYAI9y
fKIOJg2vYNKIwWw7YgB9y8IH8pgPKxo95r+1hEff/YR656jHEBiLcy4tDNn4WAyBtRgXYHBEHESB
gRWw23bDmLz1GAbX+FgTgLOsrrd8+NkGXn93OS8sXM1nATThE8fDGkfgIkC8py9LREREREREOsA0
NTWlnn7Lysp6ciw9w5jEX/QtJjEToqXkDUpGBc1//8++PViiOOIGnMseLhgszoT7R7wy/CAGQQRH
jIHAvd/em21qGqiJ1xEuOwlwWIwDbLbYwuJs8wg3eB6fRWq56aEXufjlz2giSpwY1tA8amfBBHjO
4ue8lp4Xxg7hWDEmnJViPQYEMeYcuwOf334IVdRR7ppwRDAm7c6YAGNceN+Mw7kw/MEEqYkcvqmg
MVLN4tU++53/X1ZhMTbABRHKjE/ceAQuTsRB3ETAtQ5BEhNswNnUZ5X+s6SWvw0m8a7DEc40CT8H
D3B4BOF8FBEREREREUloamrK+r4CDuNR7vyMB8/0EKOl5M+S/6YHDcnvLRBLLJEIckye8Ijgmzg2
seRkZAQePPPzbL3+IwLjsHEPytJCB5c2olx1NYwJl2uYcKSeMVjncA4aPcvcpn4c/utHWZmY4YGz
QByso9fmG4mbGgYIlvG1lgd+fBDDYstwtp6Iqca3EQyx5l2MSds9yHjtEgGPs0HW7Z2zeAbW2Vq+
/OuXeXLJGgKiuCCGM5aIC3LO8Sgz4KXdypa/Jy2l/2qk/9wCG4jgTJwc+ZiIiIiIiMgmSwFHDuFD
aIRFJ+/B5vXLcZ4hcA6DxSQqehrnMMY2/13eWHzrwHkkH02NcYkZBgFxV4bnmhh23eusznlegzVw
yJh+3HjQVlTFm8D4+MZhHeEMA1sW/ut80lMNY7MnHOEMjpB1cQIvggkiOOtjTSMNtgLrPAgCjr97
CXe/uwof28ZMlJ5lbbjMpgzHnK9N52sToML5OAwm8HERiFuPwDkihLNljHEZgQU0BxjOgG8IP6cs
PzcuEYCYAOeiOM9RHvi8vKqMPX/2HI3WYINccyosK6/Zm6pgDdbEcUTAgG/JSDICE16XAazv8C2J
UMphEktpAgOjTnyBddaDQDM4RERERERE0uUKODb5Ghzhs2ecABfOfAjCEMPYSMZWLow7En+RTzxg
pz/qWotJTJ+IGB+MhyFcapB6yHXhEgRLBTNsAw+fPJWI2wB+A4EJC4QaTGIGRlqgYUwYppjcQUSQ
mCZgg+RDusU4hzUxcBA3UaKBD8Sw1vLnI4fTZEbx9Rvf4r6P6vE9g/UdgQkf9JvvTfcK73F4n1xg
mPuLL7Kl+xjrmggCCBKDCzwv/CyCAItJLPEA5wyYZBeZgIzVKg6wQSrIaCn5nnU2LDnqwsUmEwfF
Wfnrnak3fdnqtH+zjuRKGQPOYVwiJDImXHbkvMRnFgYiLrkMygR4zmD88Ca7ZEFYF2CNwQQWZwxe
kCiUqnBDREREREQkb5t8wAEkJmGkLzRp+fO0JQ9pf+0PTGadhWQwEZhw1Qcklis4wHlYfDYvs8w9
eUdq4o0Yv4m4TTR1Ne3ECW2EGy0vJf1IQWJcxiXGbMMBGedR5hy3H7sl6yIw64rXWBgkV6ukEpm8
ztllUp1PPH51+CRO2SmOc6tSt8YSkJoxQ/on1jzOjNkbrrmmBbR/i9OFd8ARGIt1EAni2Mg6Vs6Z
xMqK4Yw/9SHq4y4MsAgweHjOpD73zPvn0k7uMj5Lm9wmsRYl7JIjIiIiIiIihVLAkWTSloG4HEtA
XKLNKGCMl8o9WhUSTXuwTv713hLw9Em7MyVSR6RpPTEvjvEsUd/H97ycwwqPnWgJa0yiMGgej8DO
pWpyQItdEtcXWB8vXkM/PuOlMybxZl0VU69+JiyS6dLnRXQPa2GQtbx90RSsa8SLR2jywlKbyVDA
EN6rrOMyps36KRmb5pjFkcElZ1r4NEYs0WA9gbH0j6/gkyt25ZUVZcz6+aM4G87oCQeV+6DOJYqd
emmBWWLACjVEREREREQ6J1e5yk1Hy+dRFyHXbTHGJIKN1oFEkOiY4gKHdU14iT/SWwcjrKP+5O2Z
4q3BmFg4D8F5GOeI22ibD9qpGSMmn8f2xFKVcIfs4Ubqgi1eEAG7gTjlRALHhOr11J89mYGJri0Q
LrHB2LxCg8KZVMJmTJSnf7g37523I55fTzRwBBYiQSJ4SoQyjuTSoCwzWgqoyJnsctLmvJjUWh0P
68A3UXxrMM4S0MCkIZ+x9rc7M74ysXQpsMRti6Ib6YczBmxx7qSIiIiIiMimTjM4Upqbv2a+LuAI
yeUFzlBfFhAAF+8+ltnbVRPHEklbqRD+W2i+lN+YkktSms+Tc0ucCZdJmESxUY84H5y9Paf9+zP+
8PJSfAzWBYllK11fjDRuoNzBsktm0K9xdVjg1UVTUxuaw59EcJCcXZMl8Anvfesio53jMm67cbZ5
TAbKgoB5F+/IgvggHDHKfIdvvealJyIiIiIiItItNIMjKfXgHEssV2lnc+dSX+mMMRgLVY3lzDtu
O87aqg/GjxB1sRxHaoMJMo/f7pqKFru79j7glqFO8pXhyn1rufcbu4K1RQs3wFHjYM3Pd6KyqQHn
HIExlAWx1DiC9Et2JjGLJvt9aOtnrbZN1fVoS0Ci2W+O0QfEvTiBrWDb8k+I2PpEVNSY1xggnHHT
O3vYiIiIiIiIlBYFHBnP9kGLf9sSYAgyHqhdopOJwyNumxgajYZrVExAQDRxuvxvuQkc1plwKUmO
uiAd5Uxzwc4g0RoVICAS1t5wUfYetoGXZu8adiMhkpjuY/E6uWAlrMXqsVnEsvL/dsIGAWV+gG88
rHPETTRHjQ2XtkQl20V17awJ62zqK/twLLgohhg4j6gfwyVazOYr24ibJ4hoOYuIiIiIiEi+FHC0
kkgpOsjRXAfDGL91HYw8u6GELGC6OttIcYlBZV5tQICHIcBzcbaJruXl7++JAeKJhSydbV5qgHFR
eOf8SRjnE5iAwDiMc20EQO13dXFkKfjaSe2dNWMJkC383OEn3OKY6D9MERERERGRQuk5KinVRcWA
y93VpCNSj70FhRuJfa0jKKS/aWFHBxIzETJ+FZLnsxjPZ2JkFXd9YzIYG46lk+OpAeafuz0RBy4I
q1U4m7mEJ1UKtYBTFbJEJV/O5F4Z1PJ9h826bCn1c+cgaLGkyXUmThMREREREZEkBRwFdFHpKC/5
TOtsx5eamKBDAUmrwySeypM5RfgVYF0YJti05TnOOTxXhu9Z9hvsOHab2rDmZkfyDQN45ZRhWXbB
zkSMR5CYEWKcxQT5h0rJVrGtFNJFJY9UIWhjm2z7J8OKXLvl10Wl/ZkqIiIiIiIi0poCjpT0gptd
+4CZ8aDc6ZCiux9+g0RDkzjXHjqcgdYUWus0pSxoYvkvZlDlNxHgJcKe5P3o/DyGQpaoJNvgdvhi
ch230zNI0sevuR0iIiIiIiL5UsCRVGAXlYIOnfymM+FGYnyugz03ci21aGsJBoBL+6Elwrs/moLX
gVDAAq9fuB+1TXXEvDKc8btkRkq6wpao5NVHN33LzHPl2M0V2KZWXVRERERERES6hgKODndRSezo
/ObZADl02RIVOj5DIFfpjPae702yEKkxOOtRaWDe7J1SvzltXU1qpMZjn8EVDLPvE5goljjWGQKS
LWjbHT15zWZoc/aGJbCAM4lQJ/fx0hvD5l1gNLWzxbW1tiXLuURERERERKTzFHC0km8XFRMWlUx8
taVrl6h0THszNcJWsWQEDi3DlACD7/tsURMwoSqSqKDRxjkT97LcBTxw8pZEmyJEXPPsGOuCPO50
kPjKb6ZF7iUqPvkWEOlMH51CC51aFRkVERERERHpEgo4kvLoohJ2yPBxzscYL++H2S5ZotIFWnX9
SIQe4TN/5tiMMa3CAmdseM1BjJdO3Z5yAvDa+xVyLLxoFnFrsZhWhTvbvnuJwqrGz2vZUKvPIz3M
MMmgJD/5hA6FrtTJ2kUlz3OJiIiIiIhI2yI9PYAel7WLSo5NjcGYwjMhz4FvSCxPMbT1oO0bgxdY
Ahsj4iIEOIxpxLnKjKUwxkUxxIjbAFwU6/zUCg3jmrcLZ2RkP1/6879NLZ2xBCaetZZEJAhwBnzr
4ZsI5+7Zn589+inxxLUZgsx5FsYw0oMRQR24CIENMIFNO7EhbK4aJEq7try3NpEiOJqjgOSUB9uc
HJkAHw/PNeKbCqwB3zaCKcMPyliwtpLn3l3Dq4s/4p33lrHZiGFM3nIUu4zrw4RBhtpgLQYfH8CG
4ZZHLFEIFbDxjN8LQ9sdVnIxxijNEBERERERKRIFHCnpXVTSX3deqyUqbaySMM6BacIEZQTWxzhL
YKJ4Lh7WjXAWrI9vIBIYPAeOOL71UgtGknFA62O3fi85C6F5++aZEtlCDuPCeS4Wn7NmjuFnj60B
5xLhhpexPy7g7fN2wQZ+WFTUgWs5CGfAGAwu47Y0hx3pcxwc4XAyZ2YYF2CsIaCMAPjNYyu55J+L
WEcUZwJwAaSyBQsffMRfX1hJmDf4BBjKcey7/RCuPWkHqoM1uCCCIQYmSuCimLRzuuS9VFghIiIi
IiLSayjgSErvooKlvVvjnMujKkRi2+Q3JqC9p2LPGZzxMBjW2Fo+rejDnc+8xn/mriKW2HWb4YZv
7jONrcsN1a4R4z7DNxEMrvnBO7V+IlGcNFkTNcvpAwNeclsTADbrEpUk6yAwESI08sejd+G421/A
uTgZ4QYwcwAY4mGIkBakuFb3wCT2bT07JgxOkp+Nn6rrEY41MZ5IGSv9Snb9yeMsi6ePOZaa8OGc
SeybnOZicC6cOeLhaATuXfAJD5z2MABzLzuCMXYJ1sQwRLPeh5xJUgGCVgGTiIiIiIiIdIRpampK
PRGWlZX15Fh6joF3vrMXozd80PyWzX4vkjManEs8tBsvDAIiYAIXPjibxPeAteHDuW+a9zeEdSWM
ixJgcJGASNzhrOWZxmoOvv5pPqNlXJBbJYarvz6Lrwytw8QNgdeApRzPNOEFXurckJwwYTJe+wYi
qdAgSBUabTl7w2JS21vjcHg446j+2csE1kJgscSJGEPMOdacP4Ma1hGnnPRZF81jsInaGmF9jCAt
VDI2mcjYtFDG4WwFEepxeMTLDU1BBRPOfooPU6tw0kKMzjBQDrxx2RcYZj8j8GKJ2R5RrGmOaIzN
sWQpMf4gS3HX9PvqJ2aWmIyZLYYhJz1PfeevQkREREREZKPT1NSU9X0VGW2l68s+Zu2i4iLEjcMQ
x1o4/YmPqfjtXGb98Wk+NeDnO7nGQKMxfPOWp6j61Ssc+Le3CFw11ndYZ/G97B98anfXXFOiZReV
1kVGU6dMzKoIZ4wcte2wsHimiRMYjyYcY6s9ym1DGG6kFQjNeNjPKBya5Vcx0dI1XXh0gw/87Q2f
gWc/zYcZrXe7qPGqMzTiMe4Hj3HQbxbgEotUbDttfh2FFR9t3UXFdNUViIiIiIiIbFIUcCTl0UWl
o7J1UfFcnHJnmOsGUvXrefz29RXEEwtFsnU1aUtAgDMGg+GRD+qpnfM817+1mkYColTnfZR8pT+U
Bwb+eNQIMA7jbKrA6XPnzMD4BpcoggrZHvzTO5u0/lV0LWaQOBPgaCKGx3YXvMKJ17+CC1xBY89f
WE/EuCYeWVrPwDNeJG6qse0ERpjcrWrVRUVERERERKR4FHBk7aLStbfFS662IILF4lyEBuMx4bq5
TPvDE8QMiRKbPsYla1Tk99BuwvYjGOfjSBTUdHDKg0sZfvl86q3BWgdEiHnNrWHTv6wLZyaEX+3P
HEmfkWIwuACqHIkAx1HuoCJYCwSYIFlfI1uRUxuGSc5rlX40Fxl1+MYjMAbrDD4Rhv7oRRbHwE/O
dijKlId4WBQVMC5Ok7P0P/0Z1pi+eLhwaVGWaMK41kt7Uj8zBqziDBERERERkWJQwJGS3kWla5+Y
k4GAdTF85xNEPIZc8ypvxdNOmfFt/ud3Lf5NfefgM8/S77K51NsKAiyRIHNmSrauKvlU/ki/Q8aF
bV4fPe+QVKvXC748EYKyVgGAM4QhTPobyYFkHwwA0SCGcT5x6xjw45dZbyzWBRQp2WgleZYIhhGn
PU6MGgwuo7ZJalvlFyIiIiIiIj1CAUdSehcVk295zzwPnfjXGEuAo981L1FnwDceEVeM5RWEbVH9
gFjg0/eS54mXQzQeT2UJyTwhM1cIOnTtzkUZb1bh4YEN+N4WjkjQOnxwBK1nN5jkEpMgY8vUiIxP
zAuIuwgjfzyXRgfGBQTdurDDUu4CYs7hnMeA74ezbnJlQbmWqIiIiIiIiEjxKOBo+YCf8W8eOzo/
7IqSQ0AEZxzOQJ1tYuA1r9MQJNY+OJ94sZ7T05a6OKLUXvwKdeU1GBNgXBTfNi9R6YywF0qMMjZQ
6QIiAdhyr0VXkJB1NrFkJZu0e2iS7WEN4FHhG469fSlrMWltZrszRAhoTC4bcnH8uGXEqS9SjsG6
eNgVJnEjjQu7zXSGSX1pOoiIiIiIiEi+FHC0km/ZR4PDpr5ysaYBL4Bo4DP1929Sj8l8Ni/qc3ry
4AHOOgZf+gxNlOHbRkyLWhvZuqjkqiWRzgC+McSN43t7j+esWaMAi6N1odYwUEm74IwQxGZs6MLq
HoDhg/Kh3LtwJc0dRnpihkR4zrDjjM8G4/HnN8H3yrBdPGNDhUdFREREREQKp4AjKY8uKs45nPNx
zscYD2NMuyGA50dw1nLHioAl1uGlHty7UwCBT6N1TJrzEjaI4kzL5SqZs1CMMXkvtYgEHuUGzvrc
UE7//Di8wAKxVts5gsyWuW12UTGJPTzG/fAhAp+wgGoPS4ZZzhlO/P3zNNpywCewHftMw1BJRERE
REREOksBRwFdVMJAw8OY/NvINkYaMb7lmHvewMUMPn4PzD8Il8QY3/Bu3GNhrIaInzmDwyZrkKQe
4F1eMzjCowcEAVQHdfSNf4bBB5PjV8ukFxn1yNVFxTpHnIDz//0x8cRZekdliyAx1jAg2vns/+ET
weZIKdrLPbJVKumZGSoiIiIiIiKlTQFHSnoXla77m3rElbH/HW/gMD3+iO5wGOOz42+ewEXDCpmt
63B07NrDmSDJ+Q1tTEtwWX7lsnRR8VyMRlPOrx9/r0PjKa7mhTLvrnVsMH1y1jLJWXKknWOHtFBF
REREREQkXwo4kjK6qLT/kB8uV3HtLuNojFTyyJoNibamPc85i28db0UGAM21N0IWCFJZQ66H9tzX
7sA5XGBSRTfTmeQSoIw3W3dRcUDMlvPQ2009Hgq1JSw7Gmf3sx8mSPt80y9dbWNFRERERES6hwKO
DndRCTDZ2p4S1mkwLsA4y21vbiCwHflLfrEEGB+m/vwRnI3jXBl+YjmJdWGJ0eRDeZZGKOH7idoj
ra89UV3EBGCCAtulNt/z5FGPu2lur57DEF4rLKwzRIgAPoHxMC78vH2b+x7mFhZYDQiX/oiIiIiI
iEh+FHC00vkeFp4Lwi4iJs5p/3kVAq93lVUwhkYHTZH++DaO54KsXVQKCyiaJffKXsOj/S4qzkCT
Z/Ed+JR1aAzdxoVdZJaXjyRuI1hi+MZLtI7tyAG7vwStiIiIiIjIxkABR1IeXVTyFbeAC4gRpSl5
7DwLdnaHZHDxyPINRIgnHqhbzxYwxhDgCHB5L7VIzezIOrOl5Tmyd1ExOO5aHAEcJryDvVLyCo2L
cPAP/0nUxYibRnzbhHGtC4w65yBQfCEiIiIiIlIMCjgK6KKS/yEDosbxUcVgfEg0xuh9D7Y/v28e
gYtgMFhnE1/N3VWcc1gMFlPwbISceUg+XVSc4Uc3PIPDptqy9kYu9W8T767ZgA0iWFeF57ys3VOM
MWB7T9AlIiIiIiKyMem9T4/dLvngmVnwskNHchbflHPr8293elTFtGB1DEOAM37au/FOH9fQxvKW
PLuorI07wCSqUfR+DUCdrcY6p8qiIiIiIiIiPUABR1Kqi0o8ry4q7R0rcD6PLP648+Mqog3GJAqi
Jn8Ngk53kEm+b4xp9fN8u6gExmMDFoNfUvUoItFwtKZXl0YVERERERHZOCng6HAXlWQvVb/1LAMT
EFjH2ys2dH58RWSAwDp8Ywrq8pKri4rDTz3aJ0OO/DXfQx8v0Va3dH49DRDzm7vRJGVbqtJyv2zv
hV8KSkRERERERPIVaX+TTU2+D9WmzfoQxnR2oUs3MGFtDS9RayMMOYodKoRLT8Lz5+qiYnDGw7kg
XO5S5BF1FR+TNgMmvMaOtAfufB8fERERERGRTY8CjqRUFxWy14kgWVcifIA1xks1CslVb6Lz1SyK
ywUBNtntIxVuNMcyyS4qye/zeegO70m4Zcu7EnZRST9KegSUec+dcxhcyYQbabFN5vvt3LTw3pfO
dYqIiIiIiPRWCjiydlHJsakxGJPfDAcb2F7/0Jocn0k9nQeYtBqZzjlsKsWh3WkFhnDWBbjwmNk6
hpiguQ1vy3a8iRkdxgWp2SWulKZwQFotF5f6p/2ao+kX6XK8LyIiIiIiIm0pnSIHRdd1XVSSSuXR
tEWH1pTCami0OGaudqh5dFExiTQlwJbOTewym9wFi4iIiIiIdAkFHEkFdlFpq5NIqTCAbyCWuHSb
NtsgWxeUpHav3Zissxby7aLiEae81y/wERERERERkd5EAUeHu6gEGIJOzXLoaclVJ8lOH4FpnkjR
VheUXF1UOiet9geOCkh0p/Fy7tE7mbDWiAm/bO8vNSsiIiIiIrJRUMDRimVTuy25YorOzE4xOXd1
OTZKu+fOMGVURdilxvgdHkOPcSacEeRsuMxGREREREREik5PX0l5dFHZGKW6qGSR7KIS4PIolJnG
ufCr5duEBUibpS9NSW8TCzedsm/p1thMqz+S330rxYsUERERERHpXTadJ/lcWnVRibIp3RZD5kSK
9LDDOYfFYDFtzMjIcdxc26f/wHlpX80fhMExKP4+GJdXa9rexuSapJJ7jxbfpxe8FRERERERkXxs
Ok/y7Uo+VPpsKg+WyQkS6bMMgi5KFDrTRSUcm2FiuQNTajU4OjsboxQjHRERERERkZ6ngCMpo4tK
CdZ96CDfZu+i0pawg0qAcy2XnCQklra0rOGRbxcVhwUX59Hz99qkPouWjMIOERERERGRvCngyNpF
JZ+/wifbjfiJbh+lyZG9i0pbwg4qFmNaBxYuY5t80hJLy/ttnAM8KmJrGWwAkyz8Gmn/eL1Mrvom
+VBlDhERERERkfwp4Ggl3y4qBodNfUmo/Uij5WN760qi4SwSB1jeumgm0VTb1XgXjbL7dNWSHxER
EREREWmbnsyTUl1UTM4uKuHSDB/nfIzx8p+lUKIK7aLinEvdj2wzQVyeM13CkhyOiIlhTYwvjKkF
5+GVyJSG5L1ytBdwuLQvERERERER6QwFHK26qETIdVvCQMPDlFzhy+zSl6dk/XmBXVSMgTjJwqU5
nuxNtpCj9f12BgI8yoIYfz9pLNXGT2yVPG7v/QyS98rQ3hIVk/aVlF7XZOMNz0RERERERLqaAo6U
Ta+LSlLXPUYbPOd4oWkExuW4hzlmx2Q7Vrh4xcP5UZb8YjpxE74PFsOmW3xUREREREREWlPAkVRg
F5V2O4mUCOsKL4TZ1rUbHAdc8k8Cylrtl7WLSu6zAOESj7h1VDufpb/cB2stEOgXV0RERERERDLo
ObHDXVQCDC5rJ5FSYsisl5FP2NFWF5WYhUag0StP1OOwWe5OepgUz3wvY2QO6wI8ZzGBY3B8Be9f
MguMTXxSHsnYpPcwYa0Rk/jaxGYDiYiIiIiI9JTe9WzYK+TbRaX0JfuXpBcQ7WzXD89BzMG0Xz5J
YALCMqUt72fyod+jOUzKFgSEAUlzS16PAazjw0v3xDOJAARHYKKdG3RXc4lCtW7T+V0SERERERHp
aXr6Ssqji8rGyLfhrAsIZ2+khx2FdlEBMHh4wDsboJ5qHAabsx5HMsCA1gFH8xKV5ndiEI5YAAAg
AElEQVQs8TgMiq9h9S93ZqgJwBg8YvkNrpvk31lHXVRERERERES6yqbzJJ9LAV1UNkbpnVQCk7lc
pdAuKs45jAs7qQDs/H9P4yKGWKSNjicurKnR1hKV5PfGxPBcE77zqfDjLL14Z/7zg73AEXa3AaD5
8ytoMkqqoUk468J0y7KjbF1U0pf9aHmLiIiIiIhIvjadJ/l2bbpdVIplkW9p8vrjxZvTERO0TEra
ChLSl6gYcB7JX1nfAMTZpd9K6n+5I9+eVg0mklbTI9/aHMlZOwZcJNH9JcB1uBWwZmOIiIiIiIj0
BAUcSQV2UdmU5eqiYkzmvAcbBIw47z/40TAsMDhM3gFA6yUq4cwKD4NHQBzfRIiYKGCYc8R4Nvzf
VO4+Yzf6E4D1CPL67Q6LxXrGEbWOs/YZSz8g6uLt7tkVApM7TuueWSQiIiIiIiIbh0hPD6DHJSYH
hArpopKcVeAnF1MUYXDFlb48pRBhF5XsD99+xvdl1LsmHnq3kQPGeMS8GGWxcnyTzwyZ8Pjh+AwQ
gPFxyfexOBfHN4klHs7HWce+Q9fzwWVTibsoq5ssf35lPVfcNY/GxPXGCFO9KOAwHDRlCKcevD0T
+tVT5hqxgeXAmVuy+8/+Cy55NcllNN1Lc0FERERERETyp4CjlXyDClOSoUY2XTlPIPNYPs7B4Tct
YO1PpxLxfXziFDZxKC1YcM31KYxpORfE4HDhrAdn8PAZXNbEGTPKOW3nnagxjTR5ZfiEs0+8iKEp
KKeCGA1mLcYZAgzW+EwfsDrVYcYkxqCwQUREREREpHfbOJ7Qu0IeXVTCpRk+zvlhUcs2ZjKUCuty
z+LoSBeV9Dtn8HFEca6JERc9Q8xGiEfyiArSKpoGJpy5Eb5n27znyfedC+d5hC8bsRbqbA2+88AZ
jLHEgzI8F6ORAGPAEOA5h08ZMWPZZVAYrBSyqKZwDuvCVrciIiIiIiLSOQo4CuiiEj5ce5gOF6Ds
fQyZnVNsJ7uopG8Wfh+2cF3v4Mw7l4ApJ2YtviV3dJBKUxzWWXBlYehkmnD4ODJrpKSO4lzYCSYR
dBjnYYMIEaDMxfBcgOcM1llskAxNDJ4L5+I4YzAmjhcE3H/ebom8y+H9P3v3HS5Fdfh//HNm9hZ6
FVAQbAhYYkEwGkWNmijxG1Dz06hfgxFbYkliw5agYok1yTdFExNDjYlGY0uQiErAqMRCBEUhGlBA
kXK9lNt35vz+mN1hd+/uvbvcOve+X88z8c7s2ZmzM0ue53z2lBbr6JRtFZXUeU2iHZ4BAAAAQGsi
4Ah1vlVUksMwUntn+C3SpjayRvrd0k1aW9dFrurkejHZRufiyFxFJZZyPJAcRpIMYDIDmkzpPVFy
r7TSxd+mLn7wBs9pnQlHAQAAAAA7j4AjKVxFpS6vVVRyrSQSNZ4j1SU+umMzA4Ds8l1FJeUdiXDC
1ajbFqrM6R7c4xxDgaQdvTuyr6LiyFqT6HGR7F1iZaxVQ8/CJlYsST5d4xuZnEutOJr3wzHB+Vow
72poFRUAAAAAQP4IONLaw7529GtoTLC8qDE7Jr6MotSVVHyjvIaiBEN1nKyfPXc0FA+Gl/hWQ296
RVvc7pJvFfM9yXjyMob92OTaNDZlZRuTOIf8RLBhJRvMD2JNEHgk65PZe8NYR8Y6yVlWZB0/3HLd
mYMHOCp2YwU+XSMrXzKJjfgCAAAAAFoFAUco2SB2xG3ZefmEAb7javebFmhrSW/FXalO3RSzVTnO
1jzPwnfisiauQgIH1/d1/KheklNc2MVsYqJay3cJAAAAAFoLra8k40tydjRO0eRVVHKJ+XHVGqNd
b1iguLrJUVzGpvfgyD5EZQdrbbBMSr3lYlPt6P3hGz8x50f+w4kc1eqRi0fJ+HV5v0dSASvrsIoK
AAAAADQXWvL12qK5V1HpaFKHp2R9vYmrqOQST5SNy6rnza9qq7rKM0aO4pLcRN2CB5OtfiaxXKwS
Q1RyxwlOot5Grh+T48fqBSm5eMbKU0yOjauLayWnVKaRHiWOlWQ85ZzWI8snyVxFxciRrJ8YoEPw
AQAAAAD56hwt+bx0vlVUktpuBhEj48e1649e1fKKPvJUpGBuk+a7/76TPnFqvj1RjDWyKpKxNfr3
fRNk/Bo1FKVIkm+CYSm2ifW3pv7isQAAAACAhhFwJBW4ikpH4diGe3FkE/TU8BMN+XxWUcl5JsUV
9MQ49O5FuuCP64IlWa0b9hhpyhAVY4y8lFVKkquo5BtyxGxcjowGOJ8kAge/wVlYjY3nfe6kbKuo
WNPQZK0AAAAAgGwIOHZ6FZVEGes1a4+D1maU3mbPJ+wIgoxg8Er+q6jkEoQlsr4eWb5eg374traX
dJGxXuJ4MDzGTw0yjG10iIoxJrFKi+RaKZhfxQlCDtP483Ik+cZKMir24zr78GGJISrZb5CRFLOO
gnk1mvbPyvWSk5rmN5wGAAAAAEDAkaLQVVSMgukhgy2Kks311F4SuXpMFHLOneVK2m6N+l//hn69
rEhxJybXKpibwyaWhc1TEGSkHolLJi4jP3haBYQQvnH087N3bXAZXWscdbGVMtY0MfCywbK5wZWb
cB4AAAAA6Fyi2TJvCXmsomKtlbWerPVkjBv0ZMh7xYz2yXOkeOLjOjZ9+EZLraKSiy9JxpVsra54
bIkG3PSm/uP1kecWy7WerEmc3ZpgiIqyr1jimyC4sWF3FCsZK5tIJ4yfmHw063O2KVvKOR2rPrKy
OZ53ifVVp3gYrHjy5amxVVvqr6JiZeXJUbWUWPUFAAAAAJAPAo4CVlEJAg1XxnScoQOpK6lk9lBo
qVVUcvElycYTf8VV7fs68ObnNXDq69pU1F+OlVwTk2fccJ4UazMiBGvDeUWcxJAUyUjWleO74THr
+IlQK1Nyto3gM9vEMJEucaP59/6P5LhpJZUYrrN3r2K5fpHq3Lhkfbly5GYZwpPtWqllrHzVuV0l
p8HpPgAAAAAAGQg4Qp13FZX2rqJOGnLDAvW76d96bXOxfMUUrLYSk2/iiqWuy5rRw8LJeJT5ZwbB
krCurZVjHTlOhUa6m2RsPOVcjoy1so7V03efJsfE5XgZ3WAKZIwr39TI8Zt0GgAAAADodAg4kgpc
RcVaK9lgcszc63h0TM23ikrjjCRPjmR9VUkad98r6nXDKzrt4U+0tbin5DnyHT8YVGJMvTlEktmH
SeQOVnn2jDC+6hxXRlJtsdXb8SEafs2rMqnDWowvq5hc62hw7YfyjCe3wAlG662i4lu9t6lb8Hfn
+loBAAAAQJPE2roCbS5YKCOhkFVUEs1S44bzQURN6vCUQgRBRvYoo7mXNw2q50s2OYQluMbc/2zU
oCtfkOSrn6QlvzhDXSs+VdfaKsUcI8/x5RcXyY97kiM58iUl5/Fww0fsG0cx48v3rJyiItm4VBer
U6XTX6+vqdLZd72m7cGaKoka+WmVM/I1xPFV5PuqS0zh0qR5WRyjGx98KxwuFM1vFgAAAAC0PgKO
UOoqKp1Lc/a6aN1RFb6sMdpkYtr9skclJ6ZiP64iIx05oq/+d9xIjd6juwZ1sXJtXEbJJX0deSYm
KyPPxPT2+ir9c2Wd/vDca1pbJVVJckyJPL9GjX0frPH11s9PVJ1fI6k6x7we+bO2Tq//t1yuXHnG
I+EAAAAAgDwRcCSlrqLSys30tpSckDPbR06uopL8O5+70prxkDWSa6081UnGlfE91cqozlo9/36Z
nn9/sYK5OozkGFnf7hirYiTJBnNohJ12Ep/QuIlwIzGZqVHOaVn27ip18cqD+jhBtwtrrYzymYg2
kV6k3Ni4003VJh68QrgBAAAAAHnrfN0VMhWwikpHZJQ+J0XqkJXWXkWlYInhKsEEHJ5sYnnXHXXw
Evu+rJ+YPNbaxH+Dv9ODhMTysOFEookeFCnhhpEkx8goppikJXePk5Ena+qCM/iSyXt2UCMrI1kj
13flyNOHW/omV7VVZwraAAAAAKCpOk9LvlGdbxWVZMeE1Ik5MyfpRDoryfGtrBPXby/9krrYSrly
5Kg4DIFsAeu7uolZT32nTr5jdNYPn5E1RUQbAAAAAFAgAo6kAldR6Sh8R4onPrqT5wqn1tqsE6u2
xCoq7Y8j3xgNlvSN/WoVV0y1TnLpWiXm+CgwILNGxhZJfrH+UxGTsXWJoIkxKgAAAACQLwIOK8k6
cmRk5UkyslkninSUPmQg8bcNJq50rJ/WwI+7frtvnho5sjYma4KeG9YxcmRljGSsI9dYWRv0aLFW
stbIWi/4nMYJvjzWyFgvmMPE+PIdTzKxPOegiI7kujFGUqms3v/pWJnEsJdgAtN4yrejsH9WMV8y
1tN6Z6jkMP8GAAAAAOwMAg4naOh7jicZk+jBYGTk79isZKwvY21i3yZmT/DCYQnGOsFxa2X8mIy8
dn9zfRPMOeHYYLCKtV6id0YQeHgmGeo4Sl1lxlEwlYWXmJDVT4Y/1pGVI1lPzb9gbFsK4i/rFCsm
Xxt/drRc68vY9CdslV8PmB2lA15ibtsDJ/8p6FIDAAAAACiYqa2tDVtaxcXFbVmXtmGCoRmuq7za
5Jl9OLL90O4FfSPkGSM/y1COdsONqYsXV63Sk67Uz5it9slFV0yWMq6kasUkxTPfFnGuioyv8vvH
Sm5cjqzqTJGKUubbsEayqpNk5JigB4tv6ocexiS/OVaSI98x2ur31LCLn1dceX4RAQAAAKCTqq2t
zXqcZWJtYqLNZm1T2sTqHu043JAkL66q5J/NdMpgLZFWCDfMjtVf0u+yo+aaJDY1wOrleFr3s8Nl
5cnYoG+Paz3J7FyPCysjR3WytlSuX6fTb1usuFGwDAsAAAAAoGD0h0c02R09SYJ+I8lJPpspVDLB
WeXEdOp+A7T2/8YGS836zRWeWPkqlTW1qna6a/HaCrlWcph8AwAAAAB2Cj04EGGOYvJ14MBSvbmh
QsaaYInW5sgIbJD+/fenR6mn3Sbr+5LjqTguxZtp/lTXl+LG1Zeu/Kes8RK9fprn3AAAAADQ2RBw
IEKM3GCQiCQrR7423nO03Hi5qmxXHX7bG1pV6ckaN5joNDHGJHPeT5scxhK+nuz3YeUYo2Jrtej+
07Vf7GM5/hb5xgmGG1knXFI3a+3yXGY3uJJR3K1VndtD7233CDYAAAAAoImYZBTRY2JybFwb7jte
XWvLg2kwTEwxr0qVThc98Fqlbv7LMnmS6uQmVsOxidVekpN7Jk6V2CuRdPSogXrkuweoS7xCcddT
kfUl+bJy0kMSk7IgrJOeePgmv0lGg+E1cQ26+C1tN0a2vc/XAgAAAADtRK5JRgk4EClGjox8bbz3
KPWJb1OFUyJXcblxV77xVOcUy1jJNbWyrrTNdNOH24v10jufasGry8MpNA7YexeddtwY7d5T6lVc
qWJvmxxjVeS58pw6+XJlHF9SYg3XlNVScgUcBa2iYnw9/99SnfrjVxSEKAAAAACAfBBwIKKCJXd9
uZKsYvK18cdHqItfKd+pP8IqCA+MTMpKKiYRSFiTWF/F+EHoYIPFbo2TPV4wRvJMshYZLyTsTMDh
GF81Tjf1uXiR5CeX1CXiAAAAAIB85Ao4WEUF7ZyVn1gT1pWvjXcfpWK/TlZF2UuHQz3ynAyjAb4J
ztL0M+1gfFfyjYZeuFCyNjH7B/8MAQAAAKCpaFkhAoxc62vTHV9Ud78m0aOjsa9uw7GE8Z1EetE8
y77mw1pHtqhWkx5coW1GknVlFZcTrJ8CAAAAAGgCAg60Q4muE4n+E0XG16Y7vqQuXp1835cxkmsa
DgWCqUTTv96OL1nHTyuVK95IPZ5jBEterIJgw5eVUZ2WlvfTY0srZKwjJYKN1otYAAAAAKDjIuBA
O2RlbEwyVjEZbb59rIpttbzEt9U0FDiE82PYPHpnmBb/BxCzkjG+iqxUpp46+pr5MtaXZc4NAAAA
AGhWBBxod4L5P61KHGnTtCMUs74c68uaWnnyZOUpa78HY+Qn8w3jZy+TWtw3wVCVFuQZI9d6qnB6
ath3FiQmRo01rVsIAAAAAKCe+stQAG0mGJJiZVViPJXddpRcv0pW8WCSUT8WrlqSLR4wSuQGJlki
d4iQOlTFZJmvw1HQU8Q32hGaNFZ7mxgWY3z5xpVMrWRjqnAHaMAl8+TIyPPrgsKMSwEAAACAZkUP
DrQbRlYyRq6s1k8bK8evk+N5knWUz1fVt83bKyLfYKPe++TKtXHJFqlK3TXw4r9L1shrcGwNAAAA
AKApCDjQbljjqsR62nz7GBU7NZKNK+4kwg3rBmVyDFGxkoxpzgVdA8bmP5rEmqAORZJqHaNPi/dW
/++8KEe+fCs5tvnrBwAAAAAIEHCg3SiynsruOEKltlqeHLm+I8cmv6I7Jg01cpU5uioYlWLrDTap
12kicT7jO+Hf2RQ+gsRKNibj+/Jc6b65mzV88iOSHNXZ4Iw+E4sCAAAAQIthDg60H0aqdYrVIx6X
VbHq3Do5fmFfUd/35bjujn0nWFgl6+iQRldZKYRRneOoyCvVPpe+ovXWyBorx+ZeihYAAAAA0Hzo
wYF2I25j6nfdIj30XpEcPy5rrKwTz1rWWptILkxav4jMYSqeyd4bI3WS0eay2fZVz8tf0XrflfGt
ZB35hn9iAAAAANAaTG1tbdg+LC4ubsu6AAlGPWW18sfHqmddlRynTr51ZeTJOL6MDYILOW72dzuO
ZIJ5Oox1w9DDWKnO3dGbwxpJxs86d4cvyThBWaPUCUetZGLJEnJcR54t1ogrFukTa4LgBQAAAADQ
Ympra7MeJ+BAu2SMK2usxgzoovnf+4K6xCvlmZiM48kzkrGO5GSftNOEuYcvY53cAUeiF0dBAYc1
kuPLV7Ec6+i6Jz7WAwvXybPBOBgCDgAAAABoWQQciBRXQchgVaRYUZ3G9uiiF64fpXitr5hjZBsY
+uGELzmS/KwBR+oQlUICDitJTpHufXmbbn/sXcmX4nLkyJfX5E8NAAAAAGgMAQc6AKO9i6z+Oe1k
9Yl/JsWkWuMqZj1ZK/mOI8cGwUSyvFH6EBSbmJPDOsGaJkZBwGFs8Frwj8HKGis5RtaXXDmy1lF1
cYku/OUSPfnedslKfiJAAQAAAAC0HgIOdBiOceVYT5eOHaSpp49Qqd2u5JwYxgZDVDxTJMf6YcBh
U3pgWKUHHNYYKeyFYRSznjwnWIy2yu2huf/eqMm/W66aoLCsicnYOlkCDgAAAABodQQc6ACMXFl5
xshNzHWRmPpCg4z0l9tP17Ciz9TdVMv1fXmmSK6NS8akTBIaSA04nMT/1jpFiimu1d4gnXHL0/pw
q1ST6N3hGyNjg54dxkrMtAEAAAAAbYOAA52IUZGsekg6cPdiHTJ8qPYd3FPdiurUpbREVdXVqvKL
9MGGuJZ9uFpvrtimbZJqHFfymUkDAAAAANozAg50EkGXDiMT9NAwkvxgMIknV8Y4sjYIMRxJMr58
60gmMdSErhkAAAAA0K7lCjhirVwPoIWlDiExsjaYm8OTkeSF4YaUmD3DJv4i2AAAAACASCPgQIdj
w/+1KUdIMAAAAACgI3MaLwIAAAAAANC+EXAAAAAAAIDII+AAAAAAAACRR8ABAAAAAAAij4ADAAAA
AABEHgEHAAAAAACIPAIOAAAAAAAQeQQcAAAAAAAg8gg4AAAAAABA5BFwAAAAAACAyCPgAAAAAAAA
kUfAAQAAAAAAIo+AAwAAAAAARB4BBwAAAAAAiLxYW1cgH8YYWWvr/d0Qx3Hk+36980jK+/3W2qzX
y/b+zDrme5186p3Pe4wxKi0t1Y033qg99thDkjR//nzNmjVL8Xg8LOd5XtY651uf1M+WvEfJ/Wwy
70W+zy8Wi4X1zjxfrueS6/r5XDv1tcMPP1xXXHGFjDEyxmj69OmaN29eWCb1nuzMd7Ohukr172Xq
eV3XDa+dz2fZme8TAAAAAERSbW2tTW6S2u3m+75N8jyvwbKTJ0+2vu9b3/frvWaMsflYvnx5WD55
bd/3bSwWy3rNZLnkZoyxjz76aF7XSjV37tyC7ovjONb3fRuPx9PqmbxPqfvGmLT3Jl9vTOY1k1I/
a676lZaWhtcv5HPl4nle2nehkPM0VG748OFp9y/zXiZVVVXV+7zZrjFr1qy87m2ql156Keu9TP3O
JuvmOE6zfG42NjY2NjY2NjY2Nraobak5RuoWmSEqqb9uW2vVr1+/nGWTPRqS70ll8/yF3ab0THBd
N6xDTU1N1vIHH3xweM1t27YV+Eu+H26FvO+uu+5SPB6XMSZRR1/WejLGhj0NkvV+8sknw/2kzP1C
JT/vpEmTcpaxid4Wqe8p3I77k3y21lr5sor7nm69bVrO83o2Ll+erHL3YvD9uFaufF9BtqB6351k
Dwjf99WlS5eCap6spy8rK5vyWWy9MvF4POvzP+qoo+r1DgIAAAAAZIhKD45sv6bnKnvhhRc2WCZp
1apVeV3bGGMrKyvD60+bNi38pT35S7q1O3oXNNSjYfz48eH1zzjjjJ2+H1dffXW9HgCZvUuMMXbo
0KFZe7Kk3odCf+VPldpTJtvnLikpSbtGQ/emsboZY6zjOHbUqFHW9/20Hij33HNP1vM39BmNMba6
ujqtzMKFC8PrJMsYY+wJJ5xgPc/LWv987+Oxxx4bljvnnHPyvt/Je5z8fvm+b0866aSC7x8bGxsb
GxsbGxsbG1tH2CLfg0MKfr3evn27JMlaq9mzZ7fadbt27Rr2HrnxxhvTeni8//778v2gd8GYMWOa
NA9DvvW55557wv1bb71Vxpi0+TWSdVu3bp1isZaZamXJkiVhbwfP81rgc6fP/ZG8/++//75isZjG
jh0bvn711VenzQmSj5NPPlklJSXhflFRkcaNGxf0qMiYd2T+/Pktdh8bkjoXzIQJE5TMK+bOndvq
dQEAAACA9ixSAYe1Vj179gwbfGeffXarXDfZ2N1vv/3CBvSWLVtkjFFRUZFGjBghx3FUVVWlt956
q8Xrs3nz5vDvrVu3aurUqTknuPQ8r9knmbSJIRVHHnlk2rl79+7djFdJr3NqoJQMIN5880199NFH
iTr4eu+99/IewmGM0bPPPhvun3vuufUCouT1Uif1bOnwKtOCBQvCkOPZZ5/VzTffnHjWXpOHGAEA
AABARxKpFlKy8TphwoTwWF1dXas19FasWKGKigoZY9SzZ0/169cvnJPDWhv28mhpvXr1qvd3aza8
jTFyZBSLxbTrrruG8318/vnnzXgVJ9ga+Vh77LFH4nvhaN999y3oCqlhyOzZs1s9vMjH0UcfLUnh
Pb7tttskGRnjavHixczJAQAAAAAJkQo4JIW/ZCfFYjGNGzeu1a6f2kthw4YN4d/HH398q9Whvfxy
77quNm7cqOrq6vDYQw891Gznt5LUSPs9817k2+AfOXJk8grauHFj4ZVrBanftWuvvbZeD5LDDjus
LaoFAAAAAO1S+2gp58laqy5dushaq6KiovD4iy++WPC5fN/XsGHDwkZj5pYrRPB9X4cffni91UEW
LFhQ+AcqUK7VPTKlriKT+p5cn8naYDUSz/ryM+7D888/n7M+gwYNkiR169YtPM/5kyeHdW2KHauO
NCyz10XmPfGsnzhXumOOOTq4ipWee+65tNdSV5/J/BwNrc7T3D1A1q9fH57zvvvuC79zkxP3WNpx
7wEAAACgs4tUwGGMUffu3SUFc0ssW7YsbPRt3LixoEZ1Y2Ubmrfik08+SdvfunVrqw0VSG1E51wa
NTHvRuqWOXFmquSQE0emXoeJhnqL7LPPPmHD/vzzzw/KG9Msc34k69OY1PuRGTpJkmucrJ/roIMO
keTKGKmsrCztNd/3VVtbm3bvUuf+yBZk5Ao+dpYxRiUlJTIZ99Naq4cffjisQ6HfewAAAADoqCIV
cKQyxuiggw4KG5z9+/cv6Bd0Y4w++uijej0dMns9ZHvfmjVrwn1rrbp3766BAwc2+TPlw3Xd8LrN
2bDN1uvDGKMTTjghr/fPmDEjrI/v+xo9enSz1a0hqc+qkPuxbNmysFfHQQcd1AI1a5pRo0aFf++/
//71Xk9+10tLS9vl3CEAAAAA0NoiG3D4vi9jTDjJZGoPhSVLljT5/LkajatXr5YUNKb79OkT9H5w
HK1bt67J18xH8jM2FMAkN8dxGuxNkU/DOFuZ5CoqmUpKSsLgJTkBZsssH7tD6uoxye9EOj9l22He
3+cFn8FKhx56aNprjuOouLg47T429Bny/3w2pS4Nv+edd96R5wfDa95Z/q58m96TJPk5rbUaM2ZM
I9cCAAAAgI4vsgGHFDTu1q5dGzb4jDGaNm2a3nzzzRZpVHfr1k1DhgyR7/v6/PPPVV5erm984xuS
dvTsaMnhAsnGbepyppnXy/zcDdVnZ+uaHNKSKjmsY+XKlXIcR47jaPXq1YrH482+TG2qESNG1Bum
ks5J2Xb474f/lSsjGalHjx4Nzm2S1lsmy9cq//toUurS8HMxxsh1guE1rqk/yCYZ7Fhr9a9//StL
HVKvBQAAAAAdX4do/SSHbUjSTTfdJKnpk1xmchxH27ZtC//u27evJOmJJ54IG9VDhgxR165dm/W6
2aSu+rFly5YWv14hRo4cGd6PoUOHSkp/Ps3JGKPly5eHz3ry5MkFBVvJssYYnXPOOY2Xlxpd1aU5
zJ8/P7ietdp///0bHEaV7KXDMBUAAAAAnV2HCDgkafbs2ZKCX9/j8XizN/gWLFgQNijPO++88Li1
ViUlJWEjc/v27S0+6eOuu+4a/t2jRw/NmTOnxUKEnTFixIiwl0lLNL6TjfvM4TozZ86sd+9zraJi
rdXJJ58c7s+aNUs9e/bMvXpOnqu6NIfjjjsu/Pv999/PWe6UU04JV/x56aWX0l7zZcMNAAAAADqD
DhFwWGt17rnnSlI4PKKxkKGxZT1T32+M0dFHHy0pWKFkxowZaWXr6uq0bt268AjxslgAACAASURB
VD2rVq3aqc+RL2OMbr/9dsXjcUnSWWedpbq6Ok2YMCFtws1BgwaFZRqTq2Hf0CoquXzwwQfhvBXN
sbpILBaTMUZjx47V7NmzwxVOpB0Biuu6WcOUXKuoSEFPidQhNFu2bNG2bdvUp0+fsIwxRqeffrqM
VV6rujSF4zjhKkGSVFlZ2eDwnr/+9a/hvT3mmGPSz5VchcZv3sloAQAAAKC9irV1BZpTt27dVFFR
kVdZY4z23HPPnCHHe++9p/32209S+pwMpaWlWcsPGzYsLDd06FC5rps2V0Zzstbqpptu0oEHHqiv
f/3rYQP2ySefTBt2UYh4PN7gxKWF1q+xiTnz40tyVFNTUy9oSQ1PXNfdqWv5vq+ioiJVVVWFz7VL
ly4qKysLz586qWdzr1yTrT6bNm2SFHy+IUOGNDpRbFJyWdmampq04429n/ADAAAAQEfRIXpwJFVW
VoYNxKZKNtKvuOKKsPH81ltv5QwtkqtZJMs2FBg0lwkTJqioqEjV1dXhscweE8kG+r333ttgb4zU
VTmSQxuaGk88+uijTXj3jkZ5ar2TjfWPPvpIpaWleQQp2VdRkXbMwdGlSxcddthhaa+l9oRJhgTG
GH3729/eqV4tua6dec2SkpLw2uXl5Y2GE2PGjlHc9+RZXxs2bsjjO5f/Si4AAAAAECWmtrY2bOUU
Fxe3ZV3QDFKDiuQ+E1DmL7OnRnK4U75DfQAAAAAALau2tjbr8Q41RAXZewYgf5m9XzzPYxgHAAAA
AEQAAUcHR+BRmGxDQriHAAAAAND+dag5OAAAAAAAQOdEwAEAAAAAACKPgAMAAAAAAEQeAQcAAAAA
AIg8Ag4AAAAAABB5BBwAAAAAACDyCDgAAAAAAEDkEXAAAAAAAIDII+AAAAAAAACRR8ABAAAAAAAi
j4ADAAAAAABEHgEHAAAAAACIPAIOAAAAAAAQeQQcAAAAAAAg8gg4AAAAAABA5BFwAAAAAACAyCPg
AAAAAAAAkUfAAQAAAAAAIo+AAwAAAAAARB4BBwAAAAAAiDwCDgAAAAAAEHkEHAAAAAAAIPIIOAAA
AAAAQOQRcAAAAAAAgMgj4AAAAAAAAJFHwAEAAAAAACKPgAMAAAAAAEQeAQcAAAAAAIg8Ag4AAAAA
ABB5BBwAAAAAACDyCDgAAAAAAEDkEXAAAAAAAIDII+AAAAAAAACRR8ABAAAAAAAij4ADAAAAAABE
HgEHAAAAAACIPAIOAAAAAAAQeQQcAAAAAAAg8gg4AAAAAABA5BFwAAAAAACAyCPgAAAAAAAAkUfA
AQAAAAAAIo+AAwAAAAAARB4BBwAAAAAAiDwCDgAAAAAAEHkEHAAAAAAAIPIIOAAAAAAAQOQRcAAA
AAAAgMgj4AAAAAAAAJFHwAEAAAAAACKPgAMAAAAAAEQeAQcAAAAAAIg8Ag4AAAAAABB5BBwAAAAA
ACDyCDgAAAAAAEDkEXAAAAAAAIDII+AAAAAAAACRR8ABAAAAAAAij4ADAAAAAABEHgEHAAAAAACI
PAIOAAAAAAAQeQQcAAAAAAAg8gg4AAAAAABA5BFwAAAAAACAyCPgAAAAAAAAkUfAAQAAAAAAIo+A
AwAAAAAARB4BBwAAAAAAiDwCDgAAAAAAEHkEHAAAAAAAIPIIOAAAAAAAQOQRcAAAAAAAgMgj4AAA
AAAAAJFHwAEAAAAAACKPgAMAAAAAAEQeAQcAAAAAAIg8Ag4AAAAAABB5BBwAAAAAACDyCDgAAAAA
AEDkxVJ3amtr26oeAAAAAAAAO40eHAAAAAAAIPIIOAAAAAAAQOQRcAAAAAAAgMgj4AAAAAAAAJFH
wAEAAAAAACKPgAMAAAAAAEQeAQcAAAAAAIg8Ag4AAAAAABB5BBwAAAAAACDyCDgAAAAAAEDkxdq6
AvkqK/tcK1d+KEmqi8f18suLddhhB6tH9255n6N7j+46YP+RLVVFAAAAAADQRiITcCxfvlJfn3hu
k84xfvwJmj3zV81UIwAAAAAA0F5EJuCIkhUrPtD6zzaE+/369aXnCAAAAAAALYiAowU89udndP9P
Hgj3J33rTP3k/mltWCMAAAAAADq2SAccP/3JbRo1cnje5bt1y3++DgAAAAAAEB2RDjiOPGKM9tln
z7auBgAAAAAAaGMsEwsAAAAAACIv0j04murJp+Zq/fodk4GOH3+Chu4+WNXVNVqw4J964cVF+u9/
V2vb9goNGjhAY8ceolNP/ZoG7zao3rme+MtftWHDJklKm39DkmbM/JNGjNgn3P9/3/gf9evXN2ud
tm7dpoULX9XCRa9p9eqP9Xn5Fg0cuIuG77OXxo07Ql86cqyKi4tyfqbnnntRqz9aE+4fe8yRGjly
uFas+EB//NOTWrr0XVXX1OjCC87VxAkn53ejJD362NMqK/s83B879lAdesiBOcs/+OsZafsnHD+u
wd425eVbNP+FhVq8+C2tWvWRPi/fogED+mvQwAE6/PDROvaYIzVo0IC869sW97E5v0/Z+L6v119f
oldefV1vv/2uNmwMvm+77TpIo0YN1zHjjtShh35BjpM7t3zm2Xlat259uP+VE4/VXnsN0/btFXrx
pZf10ksv6+OP12rrtu0aMnhXHXnkWE34+kkaMKB/2nmWLluuefNe0tJly7V+/QZ179ZNo0YN17HH
fklfPu4oxWL5/V9LU58TAAAAACSZ2tpa29aVyMfLLy+ut0zsv16b16QhKv/7re/qb3+bH+4//uff
q1+/Prrq6ql68823s76ne/du+tUv7tIpp3wl7fhZ51ysefNeyuu6uer9xF/+qltuvVdr1qzL+d7D
Dx+tO++4UQcfdEDW1y//3g2aM+fP4f6DD9yroqKYLr1siqqra8LjN//oGl1xxYV51VeSJp46SQsX
vRru//Qnt+lb556Rs3zf/vum7f/pjw/pxBOOqVfO933NmfO4pt5yt8rLt+Q8X1FRTNdNuUIXXfQt
devatcG6ttV9bM7vU6Y333xbN9x0h15/fUmD5b761eM07Zbrcv67uPCiK/X4E8+G+7Nm/FK9evXU
1dferJUrP8z6ngED+uuh39yvo4/6orZvr9Ct0+7Tb383O2cdTjzxWP3qFz/OGeIlNcdzAgAAAIAk
hqikmDfvRZ12+rdzNkYlafv2Ck2+8Ptaumx5s13X933dcedPdcGFP2iwsSdJixe/qYmnTtJrr72R
17nnzp2vS75zdVqjXJJMA7/yt6bb7/ipvveDGxsMNySpri6uabfdr8suu041NbVZy7S3+9hc36dn
np2n8aec1Wi4EVzzJZ12+nlateqjRstK0vQZf9QZ37wgZ7ghSRs2bNKk8y7Xsnfe04UXX9lguCFJ
zz+/QFddPVW+72d9vSWfEwAAAIDOq1MPUcn0m4dmSQp+VZ8w4WQNGbyryso+19y5L2jtuk/DcnV1
cf3ylw/r1w/eGx476atf1hcO3E+SdM+9v6x37muuvjT8u2fPHmmvzZ7zZ91736/Sjg0dOkSnThyv
3r16avVHa/TYY0+rsqpKUtCt/6KLr9IL85/QLrv0a/AzPfX0c1mPu27bBxwvvLhIP/npg2nHTjv1
a5o44WT17dtHm8vK9Pjjz+rpZ+aFrz/19HM65JAv6IrLL6h3vvZ2H5vyfUpaseIDXXzJ1aqri4fH
9t57D53/7bO1157DVF1To0WLXtPDv/9D+PradZ/q2im36rFHf9fgZ5KCZyBJu+46UF8bf6L69euj
Tz5Zr2ee/Xta6FRevkXHHDsh3D9g/5E67stHqbSkRCtXfljv/jz9zDwtXvyWjjjisHrXbMnnBAAA
AKDzinTAsejl17Rp0+a8yh522MF5zQvwta+dqHvvvlkDB+4SHrvxhh/oku9eo+eeezE89tifn9Y9
d08Nw4pJ3zozfM3z/LR5OCZ960xdf933sl7v4zXrdMMNt6cdO2/SNzXt1ilpy9p+//sXa9Kky8Jf
+teu+1S/eWiWbrzh+41+JkmafP45+spXjtXAgbvIWquePbrn9b6WNGvWo2n7l182WTdPvVbGmPDY
KV/7im659V79388fCo/94pe/1eTzz0q7P+31Pu7s9ynpdw//Ia3XyJgxh+hPj/xGvXv3Co9N+PpJ
+uIXR+uii68Kj73w4iK9vfRdHfSF/Rv9TBddeK5+eNOVaffp+uu+p3MnXZq198nNU6/Vdy45T0VF
O/49vfHGvzXx1ElhKCFJz8//R72Ao7WeEwAAAIDOp+1/xm+Cq66eqvGnnJ3XVlNT0/gJJT3wy7vT
GqNS0OPiuilX1Cv7wYerm/wZZs16LK1ROHr0Qbr9thvSGnuSNGzoEN137y1px2bM/KMqKioavcaM
6T/XPXdP1YknHKMvHLifDvrC/tpzz2FNrntTWGu1cNFracdOP/1/0sINSTLG6JKLJ6Ud27SpTKtX
r0071l7vY1O/T/P+nj6vy3cuOS8t3Eg67dSvpU1kK0nvvfefBuuWNO3W6+vdp0GDBmjKtZfXKztg
QH9dcfkFaeGGFASIky84J+3Yv15/q977W+M5AQAAAOicIt2Do7ntscdQde/eLetrI/bdp96xLVu2
Nul6dXVxzZj5x7Rjl373fHXpUpq1/OjRB2n06IPCX9U3bSrTO++8r8MPH93gdf7nlK82qZ4tJXO1
j08//Swc5pNq4MBdNG/un9KO7bbbwPDv9nofm+P79I+Xnkzb75pjglXHcXTgAaO0YsUH4bH16z9r
tI6lpSX1woqkA/YfWe/Ypd+dnPNcmb1FPv4oPYRqrecEAAAAoHOKdA+O5nbO2aflfK2kpLjeL+c1
1fn1CsllxcoPtGlTWdqxI75Yf86CVGPHHJK2/977+f1K394YY3TcsV9KO3btlFs1/4WFisfj9cqO
GXNI2tanT+/w9fZ6H5vj+9S7d6+0raElU0tKS9L2q6qqG63jGf9vQs7XevSoH87stefQnOUzw5zP
NmxM22+vzwkAAABAxxDpHhwzpv9c+w7fO6+yXbp0abRMZjf5TJk9DnKtEpGvzF+4JWnGzD9lKbnD
O++8n7a/YcOmBsufOnF84RVrJZdccl7akqVr1qzTGWdeoN13H6xTvnaixow5RIcccqCG7j643tCV
VO31Pjb392nr1m165ZXX9fbSd7Vy5YcqL9+i8i1bZf1gped/v/1OwXUcNGhAQeUzh9ukynxGqROj
Sq3znAAAAAB0XpEOOEaN3Ff77LNnW1djp5VnGZLw47v+r6BzbN/e8JwEmfMytCejD/2CZs/8lb57
2RRt3botPL5mzTo98OB0PfDgdEnSwQcdoHPOOV0TJ5ysfv361jtPR7+PlZVV+u1vZ+ve+3/VaD0L
lRmyNKYpywu3xnMCAAAA0HlFOuCIusrKyiafo66urhlq0nbGjz9BC//xtH7729maPuOPWRuw/377
Hf377Xd03/0PaNqt1+n0005Je70j38etW7fpwouv0vPPL6j32sEHHaCBg3aR67qSpL/9bX5rV68g
Hfk5AQAAAGh7BBxtqGuWYTN3/fhHBZ1jr73adjWU5jB098G69ZYpmnLtZXpryTL985//0vPz/6El
S5allVu/foMuvOhK1dTU6uyzdsxv0ZHv4/0/eTAt3OjevZvuuO0GnXLKV+rN4XH5927QnDl/bu0q
5q0jPycAAAAAbY+Aow317dsnbb9nzx6a9K0zG5xIsiPr1q2bjj7qizr6qC/quilX6NNPP9Pf5s7X
ffc/oPXrN4Tlbr7lbp301ePC+9dR7+PmzWV64MHfpx37zYP36aSTvtxGNWqajvqcAAAAALQPrKLS
hvbdN32C1K1bt2np0nfbqDYNy1yho6lDBbZu3aYNGzaFW0VF/aEpu+46UJPPP0dP/WVm2lKmmzaV
aemy98L9KN3HQix75/20iTr79u2jE04Yl7P8Bx+sao1q7bSO+pwAAAAAtA8EHC0gczUJa23Wcnvu
OVT77bdv2rFf/2ZmzvJJmzeX6ZNP1jetkgXq2yd9OMSaNZ/kLFtW9nmj5/v97x/RyP2ODLf7f/Lr
nGWHD99LR33p8LRjmzfvWG40SvexEKkTr0pSaUmxYrHcna4WL36zpavUJB31OQEAAABoHwg4WkC3
bulzDaxdmz0MMMbosksvSDv2+BPP6pe/ejhno+/TTz/TBRdeqW+edZHW5DhvSxg5Ynja/mN/fjpr
kFFTU6tpt93f+PlGZZzvsaf0+eflWctWVVXrgw9Xpx1LHe4QpftYiH4ZQzo++fQzvfnW0qxlH/79
H+odayw4aG0d9TkBAAAAaB8iPQfHzbfeo0MPOTDv8j179tAFk/+3BWsUGDBgl7T9F196Wb95aJa+
+MXRkqRBAwdowID+kqSJE07WH/7wuF7+5+Kw/I+m3qW33lqqSZPO1PB99pLjONqwcZMWLHhFv3rg
YW3YsEmSdMaZF+jZp2dnXTq1uR1++KFp+59++pnOOucSXXP1pdp7r2GqrKzWh/9drYcf/oMWLnq1
0fMde8yXNGLEPlqx4gNJ0tp1n2rSeZfrRz+8SgcffEDYU+HjNev047v+T2vWrAvf27dvHx02+qC0
80XlPhZi//1HqHfvXiov3xIeu+Q7V2vaLdfpkMT3ftWqjzRrzp/1yCNP1Ht/TU1Nq9U1Xx3xOQEA
AABoHyIdcPztb/MLWhrz4IMOaJWAY+yYQ+odu+76aeHff37sYX15wFGSpNLSEv3853fq1NPO0+rV
H4dlnnxqrp58am6D1znh+HH1Jm5sKWPHHqojjxyjV155PTz2+utLdMaZFzTwrtxKSor185/doYmn
TlJlVZUk6eV/LtZXTjpD/fv31R57DNXmzWVaterjeu+9bdr16tGje9qxqNzHQvTu3Us/+P4lmnrz
XeGxDz9crbP/95K83v/JJ5+1VNV2Wkd8TgAAAADaB4aotIB99tlTF1/0rbzLDxs6RM88PVvHjDsy
7/dM/eHVunnqNfXm+2gpjuPoJ/dN0267Dmy07LXXXKbjjv1So+UOO+xg/fGR32iPPYamHd+0qUxv
vPHveuFGaWmJ7r/vVn3zzIlZzxeF+1io71wySZPPP6fRcl8+7ihNufbytGOLF78p3/dbqmo7rSM+
JwAAAABtj4Cjhfzoh1fruilXqHv3bvVec5z6t33wboP02KO/1czpv9BXv3pc1nP27NlD3z7vLC36
xzP63vcukuu6zV7vhgwfvpfmzv2TJn3rzKyvjzv6CD326O903ZQr1KtXz7zOedRRh2v+3x/TrbdM
0QH7j8xaZsCA/rri8gu16B/P6LxJ32zwfFG4j4WIxWK6+64faeb0X+iIIw6r9/qQwbvqrh//SLNn
PaCTTz4+7bW16z7Vv99un6uUdLTnBAAAAKDtmdra2vY1E2EHU1FRof98sErbtm1X165dNXi3QRo0
aECj7/v883Kt+2S9yj/fItd11bt3T+255zCVZizX2la2bt2mD/+7Wtu3V6hbt24aNHAX7bbboCad
01qrTz79TJs3l2nLlq0qKS5W//79NHTo4AZXD2lIe7+Phfp4zTpt+Gyjqqtr1L9/X+2zz547fW/a
k472nAAAAAC0PgIOAAAAAAAQeQxRAQAAAAAAkUfAAQAAAAAAIo+AAwAAAAAARB4BBwAAAAAAiDwC
DgAAAAAAEHkEHAAAAAAAIPIIOAAAAAAAQOQRcAAAAAAAgMgj4AAAAAAAAJFHwAEAAAAAACKPgAMA
AAAAAEQeAQcAAAAAAIg8Ag4AAAAAABB5BBwAAAAAACDyCDgAAAAAAEDkEXAAAAAAAIDII+AAAAAA
AACRR8ABAAAAAAAij4ADAAAAAABEHgEHAAAAAACIPAIOAAAAAAAQeQQcAAAAAAAg8gg4AAAAAABA
5BFwAAAAAACAyCPgAAAAAAAAkUfAAQAAAAAAIo+AAwAAAAAARB4BBwAAAAAAiDwCDgAAAAAAEHkE
HAAAAAAAIPIIOAAAAAAAQOQRcAAAAAAAgMgj4AAAAAAAAJFHwAEAAAAAACKPgAMAAAAAAEQeAQcA
AAAAAIg8Ag4AAAAAABB5BBwAAAAAACDyCDgAAAAAAEDkEXAAAAAAAIDII+AAAAAAAACRR8ABAAAA
AAAij4ADAAAAAABEHgEHAAAAAACIPAIOAAAAAAAQeQQcAAAAAAAg8gg4AAAAAABA5BFwAAAAAACA
yCPgAAAAAAAAkUfAAQAAAAAAIo+AAwAAAAAARB4BBwAAAAAAiDwCDgAAAAAAEHkEHAAAAAAAIPII
OAAAAAAAQOQRcAAAAAAAgMgj4AAAAAAAAJFHwAEAAAAAACKPgAMAAAAAAERerK0rUCjf97V161bF
43G5ritjTFtXCQAAAACAyLPWyvM8OY6jXr16yXGcSLW5IxVwWGvDgKOyslKO48h1XVlr27pqAAAA
AABEljFGvu/L930VFxere/fucpxoDfqIVMAhBSFHTU2NKisr5bquHMch4AAAAAAAoAkcx5HneWHI
EcV2duQCDmOMSktL5TiOunbtqtLS0vAhNPQeAAAAAAA6q4YCC2OMioqKVFNTo4qKChljItd7Q4pY
wGGMCW+067qKxWKKxWJyHCdrwkSwAQAAAADADtmCDtd15bqu4vG4YrGYrLWRbE9HKuDIZIwJJxrN
dvOj+EAAAAAAAGgp2QKOZEeCZBs6qm3pyAYcyVAjGXJk6z7T2EOJ6kMDAAAAACCXhoaj5HrNcZxI
DktJFcmAIzXcSG7ZutA0FGAQbgAAAAAAOqLGJghNfT35d+qUEFGcYFSKaMAhpYcc2V5raB8AAAAA
gI4qWxs4NbRIdhJI/Tt1eEpUA45I9j9JDTeSXWiyBR65AhAAAAAAADqThtrLuf4bNZHuwdHY39n2
AQAAAACA6vXciLrIBhypsnWpaaw8AAAAAAAdVa5hJsn2cGobOqpDUjJFPuDIHB9UyHKxBB0AAAAA
gI4m2yIcmSFGtrZ01NvIkQ44GppvI5+hKlF/eAAAAAAApMoVbqQeyzXBaNRFcpLRTIWGGx0hmQIA
AAAAIFO29m5D+421p6Mk8j04MscMZZuHg4lHAQAAAAAIJHttMESlnclcvzfbf1PLZjsOAAAAAEBH
lTmhaOrQlMz2dJRFfohKMmUi3AAAAAAAIJBrVEO2tnNmuzqqIhtwNDSuiHADAAAAANDZFRJyZCsX
NZEeopJrZZRCJlQBAAAAAKCjyRx6ks/qKlFvK0c64Mgl9SHlE3gAAAAAANDRJUOP1MlFO5LIBxyN
rZbS2HI4AAAAAAB0FKk9NzJXSUm+ziSjEZJrchTCDQAAAABAR9ZYuzfXJKMdQYcLOPIJNwAAAAAA
6Aw6U/u4wwUc2TAHBwAAAACgs+isbeDIz8GRlG3d3nwnGO0sDxsAAAAA0DFlThza0Bwc2fY7gg7b
g4MgAwAAAADQWeTbBu7I7eIOEXA0pZdGR364AAAAAIDOY2dCjo7UJo58wJHPw8j1QDvSgwQAAAAA
YGd6bXSU9nHkA46d0REeHAAAAAAA2XTWNm+nDDgAAAAAAEDHQsABAAAAAAAij4ADAAAAAABEHgEH
AAAAAACIPAIOAAAAAAAQeQQcAAAAAAAg8quvEHAAAAAAAABJ0Q45CDgAAAAAAEDkEXAAAAAAAIDI
I+AAAAAAAACRR8ABAAAAAAAij4ADAAAAAABEHgEHAAAAAACIPAIOAAAAAAAQeQQcAAAAAAAg8iIb
cFhrZYyRtbatqwIAAAAAANpYZAMOSYQbAAAAAABAUsQDDgAAAAAAAImAAwAAAAAAdAAEHAAAAAAA
IPIIOAAAAAAAQOQRcAAAAAAAgMgj4AAAAAAAAJFHwAEAAAAAACKPgAMAAAAAAEQeAQcAAAAAAIg8
Ag4AAAAAABB5BBwAAAAAACDyCDgAAAAAAEDkEXAAAAAAAIDII+AAAAAAAACRR8ABAAAAAAAij4AD
AAAAAABEHgEHAAAAAACIPAIOAAAAAAAQeQQcAAAAAAAg8gg4AAAAAABA5BFwAAAAAACAyCPgAAAA
AAAAkUfAAQAAAAAAIo+AAwAAAAAARB4BBwAAAAAAiDwCDgAAAAAAEHkEHAAAAAAAIPIIOAAAAAAA
QOQRcAAAAAAAgMgj4AAAAAAAAJEXa+sKAEAumzZt0tq1a8P90tJSjRw5sg1rBAAAAKC9IuAA0G79
4x//0De+8Y1w/8tf/rJeeOGFNqwRAAAAgPaKISoAWlVdXZ1+9rOfafz48TrvvPO0dOnStq4SAAAA
gA6AHhxoN6qqqrR8+XK9++67Wr58uTZt2qSysjJVVlaqR48e6tOnj4YNG6a9995bBx98sIYPHy7X
ddu62ijQI488ou9///vh/sKFC7V06VJ17969DWsFAAAAIOoIONDmlixZoscff1zTp0/XunXr8n7f
iBEjdN555+mss87SsGHDWrCGaE5vvPFG2v6qVau0atUqHXjggW1UIwAAAAAdAQFHI9577z1dfPHF
accWLlzYRrVpfS35+T/44APdeeedevjhh3fq/StWrND111+vW265RVdddZWuueYa9erVq1nqhpYz
atSotP1ddtlFu+++exvVBgAAAEBHQcDRiJqaGi1atKitq9FmWuLzW2s1ffp0ffe731V1dXXaa+PH
j9fxxx+vfffdV4MHD1bXrl3luq5qampUXl6udevWadmyZXrhhRf06quvSpKqq6t1++236y9/+Ytm
zpyp0aNHN2t90bwmTZqkjz/+WE899ZR22203TZ06Vb17927ragEAAACIOAIOtKqqqipdeeWVevDB
B8Nj/fr105QpU/TNb34zr1/yzzjjDE2bNk0rVqzQnDlzdN9996myslLLly/X8ccfr8cee0wnnnhi
S34MNEHXrl1155136s4772zrqgAAAADoQFhFBa2murpaF154YVq4MXnyZL377ru65pprCh6mMGLE
CN1666169913NWHCBEnSli1bdPrpp+u1115r1roDAAAAANo3Ag60Ct/3W52PmwAAIABJREFUdeml
l2rOnDnhsQceeEAPPfSQBg4c2KRz77HHHnr00UfDlTm2bdums88+W5999lmTzgsAAAAAiA6GqLQB
3/e1Zs0abd68WY7jqG/fvurfv7+6du3aLOePx+Nau3attm7dqpqaGvXs2VP9+/dXv379muX8O+OB
Bx5Im0x0zpw5Ovvss5vt/MXFxbrnnntUXl6u6dOna9WqVbr22ms1Y8aMnTqf53n67LPPtGnTJvm+
r379+mngwIEqLi5utjpn2rJlizZu3Kjy8nL16NGjoGe2bds2rVmzRhUVFSotLVWfPn00ePBgGWOa
pW7l5eXasGGDtm3bJsdx1KtXLw0ZMqRF70dbqq6u1ubNm1VWVqba2lr16tVLgwYNatalbH3f18aN
G1VWVqaKigr17t1bffr0adF/p+35OwYAAAA0FQFHhilTpujtt98O97du3VqvzEknnZS2P3HiRF1y
ySWNnnvlypWaOXOmZsyYobVr16a91rVrV5166qmaOHGiJk6cqFissEfj+74WLlyoWbNm6a9//WvW
3gtjxozRaaedpnPOOSfncJCW+PxLlizRD37wg3D/rrvuatZwIykWi+n+++/Xiy++qI8//lgzZ87U
5MmTNW7cuP/P3n1HR1UtbBx+JyQQaugdBGmCSBERlN6r0lRABFSkWOEqCoqIIupFFBVUFBFpF0VQ
OkrvAiJNEI0goQihhoRASDJJzvcHX8Y50xMSwwm/Z61Zd/aZffbZU3Dd82aXgNs4ceKEZsyYoTlz
5ujPP/80vVamTBn17NlT/fv3V61atSRdey/r16931Jk+fbpKly7t1u4LL7yg3377zVH+6KOPVK1a
NSUmJmr+/PlasGCBli9fLrvdbjqvadOm6tu3r3r27Kn8+fObXktKStKyZcs0Y8YMLV682O2alStX
Vq9evfTEE0+kaxvd06dP65tvvtHChQs97pwTFham9u3b65FHHlHbtm0DDjvWrFmj9957z1GuUqWK
Jk+enOb+ZTS73a4lS5Zo2bJl+u677xQbG2t6PTQ0VG3btlXPnj3VvXt3hYaGpus6qdsiz58/3+03
Jkn33HOPunXrpp49e6p8+fIBt2vF3xgAAACQoRITEw0rPa5evWocO3bMiIiIMKKiohzHExISjMTE
RMNutxtJSUmOR3JyspGSkmJ6+NK1a1dDUpoeo0eP9tnmlStXjNGjRxshISEBtdemTRvjjz/+8Nmm
s1OnThk9e/YMuL+hoaHGZ599ZiQnJ2f6+09KSjLatm3rqNuyZUsjPj4+4PeWHrNmzXJcr0OHDgGf
N3fuXKNYsWJ+329ISIjx5ptvGna73XjooYdMr0VERHhsu3PnzqZ627dvN/bu3Ws0bNgwoM+4Zs2a
xm+//eZo78SJE0a3bt0COjcsLMz49ttvA/4ckpKSjKlTpxp58uQJ+DfQvHlzY//+/QG1v2DBAtO5
LVu2zJC612P37t1G8+bNA36/NWvWNHbu3Jmma5w/f954/vnnA75G/vz5jQkTJgT878VKvzEAAABk
Ptf74OTkZNO9st1uN91r2+12Izo62jh+/Lhx5MgRIy4uznGfbZUHIzgy2fnz5/Xwww9r9erVAZ+z
evVqderUSatXr1bFihV91j1x4oQ6deqk/fv3B9x+fHy8hgwZoqNHj+rtt9/O1CHmixYt0qpVqyRd
G6UyefJk5cqVy+95iYmJ2rBhg/bu3au///5bwcHBKl26tOrUqaMmTZr4bKN3796aMmWKtm3bph9+
+EF79uxR3bp1fV5v2rRpGjhwYEDvyW63a/To0bp48aJOnDgR0DmuVq5cqY8//ljnzp0LqP6BAwfU
pUsXbdmyRbGxsWrVqpWOHz8e0LkxMTF66KGH9OOPP6pdu3Y+6yYlJWnYsGH65JNPAmo71YYNG9Sy
ZUv9+OOPuvPOO9N0blbbtm2bOnTooJiYmIDPOXDggJo0aaIFCxaoU6dOfuufOXNGPXr00NatWwO+
RmxsrF588UXt27dPU6dOVe7cuQM+V7pxf2MAAABAZiHgcPHcc8/pkUcecZQjIiL04osvmuosWLDA
VPYWQly9etVjuNG7d289+OCDjvNOnz6t1atXa/LkyY7h43/99Zd69+6tjRs3er2Zt9vteuyxx9zC
jeeee05t27ZV2bJlFRwcrPPnz2vr1q2aNGmSaerKf//7X9WoUUN9+/bNlPefkpKiCRMmOMovv/yy
atSo4bGusx9//FFDhw71OHxfkmrUqKG33npLXbp08RjOBAcH67HHHtO2bdskSUuXLvUZcGzYsMFj
uNG5c2d169ZN5cqVU86cOXX69Glt3LhR06ZNk91u18SJE/2+F2/GjBnjeN6hQwd1795dZcqUUd68
eXXu3Dlt2rRJ06ZNU1xcnKPe4cOHNXLkSO3du9dx41m+fHkNHjxYderUUYECBRQbG6vff/9dc+bM
0Z49e0zXHDJkiA4ePOjzRnns2LFu4Ubbtm01YMAA3XHHHQoLC1NcXJyOHDmiefPmmdZVOXfunPr2
7auff/5ZefPmTfdn82/6888/1aVLF1O4ERoaqkGDBqlNmzaOf0ORkZFav369PvroI8d3Eh8f7/g3
6uv3denSJd13333auXOn6Xi7du3Up08fVa5cWfnz51dUVJT27t2r6dOnm6aJzZkzR4ZhaNasWQoK
Cnxd6Bv1NwYAAABkmqweQnKjTVFxtWfPHrfh2IF65ZVX3IZxL1u2zGv9X375xShSpIjpnM8//9xr
/W+//dZt6sSqVau81j9+/LjRoEED0zllypQxYmJivJ5zPe9//fr1pr4dO3bMZ/2UlBTjjTfeCHgI
f//+/Y24uDiPbUVERDjq1ahRw+v3HhcXZ9StW9fUbqFChYzFixd77efBgweN2rVre+xToFNUJBml
SpUy1q9f7/U6f/75p1vfnB/9+vUzoqOjPZ6bkJDg8bP87rvvvF7v559/dqv//vvvG0lJSV7PmT17
tts506ZN81rfMG6cKSrJyclGly5dTO1XrFjR2Ldvn9dz/vjjD6NOnTqmc5o2bWrY7Xav57hOSwkJ
CTFmzZrl8zf58ssvu32uX375pc/3Y4XfGAAAAP49N+MUFQIOP9J7g+/pvB9++MHvea6hRdmyZY2r
V696rNurVy9T3VGjRvltPzw83AgNDTWdt2TJkjS9j0A98cQTjnMGDRrkt/64ceNM16ldu7YxdepU
Y9u2bcaWLVuMmTNnGi1btjTVuXDhgtf22rRp4zd48HSD/v333/vta2RkpFGjRo3rCjh++eUXv9fZ
t2+fxxvPNm3aeA13UqWkpJg+A0nGf/7zH6/1n3nmGVPdAQMG+O2fYRjGk08+aTqva9euPuvfKAHH
0qVLTW3nyZPH+Pnnn/2ed+jQIaNQoUKmc1esWOGx7rZt29y+u6+++srvNVJSUty+j/z58xtnzpzx
eo4VfmMAAAD499yMAUfg452RJh9//LGp/NRTT7ntPuJJt27dVK9ePUf577//1oYNGzzW/fXXX03l
li1b+m2/atWq6tOnj+mY884LGeXKlSuaP3++o+w8DcaTFStW6NVXX3WUBwwYoM2bN2vgwIFq2LCh
GjVqpH79+pmmy4SGhqpgwYJe27znnnsczw8cOOCxzowZM0zlBx54QN26dfPZV0kqWbKkpkyZ4ree
Ny+//LLpe/amVq1a6tChg9vxsWPH+p0GYLPZ1Lt3b9Ox1Gk7nmzZssVU7tmzp9/+eaq3atUqGYYR
0LlZadq0aabyyJEjVb9+fb/nVa5c2fRblaTly5d7rPvZZ5+Zyvfdd5/69+/v9xo2m03jxo0z7aIS
GxurOXPm+D031Y34GwMAAAAyEwFHJjh37py+/PJL07HBgwcHdG5wcLAeffRR07E1a9YEdO6VK1cC
qjd48GDNnDnT8WjcuHFA56XF9u3bHesa5MmTx+fCk+fPn9fTTz/tKN9///36+OOP3basTK2b6tZb
b/W5JkGlSpUcz48cOeL2+tGjR7V27VrTMed++HM9i2nWrFkz4Lp33323qVyjRg01aNAgoHOrVKli
Kh87dsxr3W3btikuLs7xaNWqVUDXqFChgqkcFxfncXvhG8mRI0fctj3t169fwOfff//9prJrOCRd
CydnzpxpOvbSSy8FvKhvWFiYRo4caTo2efJkJScnB3T+jfgbAwAAADITi4xmAte/YNauXVt33HFH
wOc7jzyQroUFntSuXVsHDx50lD/77DO1adNGoaGhPtuvX79+QH+pvh7Ofe7YsaPy5Mnjte5XX32l
o0ePSro2KuP999/3+h6cd4S45ZZbfPbBefHTiIgIt9ddR66UKlXK7bO/ERQuXNhUrl+/fsA3ya4h
UWRkpJKTk5UjRw63uv5+N954Oi8+Pl5hYWHpau/fsHv3blO5efPmfn9PzipUqKCnn37aMVLFZrMp
JSXFFLjt2rXLdE61atXUsGHDNPXz/vvv11NPPeUoHz16VOHh4QEt1psW/9ZvDAAAAMhMBByZwHVX
k6ZNm6ZpK1bXG62tW7cqPj7e7UbywQcf1Ndff+0or1ixQp06ddLIkSPVrFkz5cyZMx29zxjON5DN
mjXzWu/y5cv66KOPHOVhw4apcuXKXus7BxxlypTx2YdSpUo5njvvHpPKNeBo2bJlQFvY/ttcR6mk
pY+eRrhcz82nYRiKj483jSIIdOTQjcR194+0jmIKDg52m4bmynXXlI4dOyo4OG3/yS1TpowaNmxo
Cgz37NmT4QHHjfQbAwAAANKLgCMTuG5vumfPHg0dOjTg8z0NQY+NjXULOLp06aKHH35Yc+fOdRxb
t26d1q1bpzJlyqhHjx669957Vb9+fVWsWDFNIcv1SElJ0datWx3latWqea27fv16nTx50lF+8MEH
fbYdGRnpeF6iRAmfdUNCQhzPL1686Pb62bNnTeXbb7/dZ3s3m/j4eP3000/avHmz9u3bp7179yoy
MlLx8fFZ3bXrduLECVPZ21bH1yN1VFKq9P6+GjRoYAo4Tp06dV39AgAAALIrAo5MEBUVZSpv2bLF
4xz9tLh8+bKKFStmOhYUFKRp06apdOnSeu+990yvnTx5UpMmTdKkSZMkXZtT/8ADD6hz58666667
MjXsuHDhgmnERPHixb3W3bhxo+N5hQoVVKdOHZ9tOwccvtqVzH9Z9jTKIDo62lQuVKiQz/ZuFlev
XtXMmTM1btw4U/iUnTiv5SLJ52K16eU82khynwYSqKJFi/psFwAAAMA1LDKaCS5fvpzhbSYmJno8
njt3bk2YMEG7du1yW5zU2cGDBzV27FjdfffdatWqlX788ccM72Mq14DHNZhx5rzQY7t27XwuGiqZ
/yrueuPnynmIvKepAa7fk691Qm4WJ06cUJs2bfTkk096DTfKli2ratWqOR6+phTdqFwDL3+7haSH
66ihvHnzpqudfPnymco3+gKuAAAAQFZhBEcmcB0dcc8996hs2bLX1aa/m+8777xTX331lcaNG6e1
a9dq5cqVWrlypS5cuOBWd/369Vq/fr0ef/xxTZo0Kd03Xt64BhxFihTxWu/w4cOOcu3atX22m5SU
ZNoNxV/A4czTmgKuU34SEhICbi87unjxotq3b29auDYkJERPPvmkOnfurOrVq6tUqVJuayucOXNG
JUuW/Le7e11cAw1vAeL1cF18M71Te65evWoquwYeAAAAAK4h4MgErjfeQ4YMSdMWlNejTJky6tev
n/r16ye73a7ff/9de/bs0bJly7RgwQJT3enTp+vKlSuaO3eu35ETaeH81/FChQp5XbDw77//NpXL
lSvns93o6GjZ7XZH2Vtw4lw/Vfny5d1ed52SEhsb67O97O6dd94xhRs1a9bUvHnzMnxByxuB628n
dUvjjOQ6cim913ANDNM71QUAAADI7piikglcb2xcFzT8t4SEhKhWrVrq37+/5s+fr0OHDql79+6m
OvPmzdPy5csz9LopKSmO5762HnWdAuG864knab3Rc15E1FN44vo9HTp0yGd72VlMTIw+++wz07Fp
06Zly3BDcv+tZcbCna67/ISHh6ernX379pnK/taeAQAAAG5WBByZoHr16qby+vXrs6gnZpUrV9bM
mTPdpoI4r4OREZyn6CQlJXmtFxcXZyr7myqT1oDjjz/+cDz3tE6E664WmzZtkmEYPtvMrnbv3m0a
wVK3bl01aNAgC3uUuVwXs/35558z/Bp33XWXqbxhw4Y0txETE6PNmzebjvlbiBcAAAC4WTFFJRO4
3hiuXbtW4eHhPrdLTaspU6aY1q/o3LmzWrRo4fe8fPny6dlnn9UTTzzhOPbbb79lWL8k83oh586d
U3Jystu6DZJM000k88gPT5x3ZgkNDVWBAgV81ne+Mbz77rvdXncNOA4ePKj9+/erVq1aPtvNjpw/
W0mqVKlSFvXk31G3bl1Ted26dYqOjg54N5WEhAR16tTJEYiFhIRoxYoVpqle9erVM52zdetWHTx4
ME2jYlavXm1auyMsLEw1a9YM+HwAAADgZsIIDj/Ss51qrVq13EZxTJ48Oc3t+JraEh4erokTJzoe
[...]
<status status="PASS" starttime="20240113 15:25:43.512" endtime="20240113 15:26:01.633"/>
</kw>
<status status="PASS" starttime="20240113 15:25:43.511" endtime="20240113 15:26:01.642"/>
</kw>
<kw name="Verify Home Page Appreas" library="HomePage">
<kw name="Wait Until Element Is Visible" library="AppiumLibrary">
<arg>${Logo_HomePage}</arg>
<doc>Waits until element specified with `locator` is visible.</doc>
<msg timestamp="20240113 15:26:02.765" level="INFO">xpath criteria: //android.widget.ImageView[@resource-id="com.example.myapplication:id/imageView4"]</msg>
<status status="PASS" starttime="20240113 15:26:01.700" endtime="20240113 15:26:02.765"/>
</kw>
<status status="PASS" starttime="20240113 15:26:01.692" endtime="20240113 15:26:02.765"/>
</kw>
<kw name="Click Sign In Button On Home Page" library="HomePage">
<kw name="Wait Until Element Is Visible" library="AppiumLibrary">
<arg>${signIn_button_homePage}</arg>
<doc>Waits until element specified with `locator` is visible.</doc>
<msg timestamp="20240113 15:26:02.909" level="INFO">xpath criteria: //android.widget.Button[@resource-id="com.example.myapplication:id/login"]</msg>
<status status="PASS" starttime="20240113 15:26:02.767" endtime="20240113 15:26:02.909"/>
</kw>
<kw name="Click Element" library="AppiumLibrary">
<arg>${signIn_button_homePage}</arg>
<doc>Click element identified by `locator`.</doc>
<msg timestamp="20240113 15:26:02.914" level="INFO">Clicking element '//android.widget.Button[@resource-id="com.example.myapplication:id/login"]'.</msg>
<msg timestamp="20240113 15:26:03.106" level="INFO">xpath criteria: //android.widget.Button[@resource-id="com.example.myapplication:id/login"]</msg>
<status status="PASS" starttime="20240113 15:26:02.910" endtime="20240113 15:26:03.106"/>
</kw>
<status status="PASS" starttime="20240113 15:26:02.767" endtime="20240113 15:26:03.106"/>
</kw>
<kw name="Verify Login Appreas" library="LoginPage">
<kw name="Wait Until Element Is Visible" library="AppiumLibrary">
<arg>${emailInputLoginPage}</arg>
<doc>Waits until element specified with `locator` is visible.</doc>
<msg timestamp="20240113 15:26:04.098" level="INFO">xpath criteria: //android.widget.EditText[@resource-id="com.example.myapplication:id/username"]
xpath criteria: //android.widget.EditText[@resource-id="com.example.myapplication:id/username"]</msg>
<status status="PASS" starttime="20240113 15:26:03.109" endtime="20240113 15:26:04.098"/>
</kw>
<kw name="Wait Until Element Is Visible" library="AppiumLibrary">
<arg>${passwordInputLoginPage}</arg>
<doc>Waits until element specified with `locator` is visible.</doc>
<msg timestamp="20240113 15:26:04.230" level="INFO">xpath criteria: //android.widget.EditText[@resource-id="com.example.myapplication:id/password"]</msg>
<status status="PASS" starttime="20240113 15:26:04.099" endtime="20240113 15:26:04.230"/>
</kw>
<kw name="Wait Until Element Is Visible" library="AppiumLibrary">
<arg>${signInButtonLoginPage}</arg>
<doc>Waits until element specified with `locator` is visible.</doc>
<msg timestamp="20240113 15:26:04.339" level="INFO">xpath criteria: //android.widget.Button[@resource-id="com.example.myapplication:id/signIn"]</msg>
<status status="PASS" starttime="20240113 15:26:04.230" endtime="20240113 15:26:04.339"/>
</kw>
<status status="PASS" starttime="20240113 15:26:03.107" endtime="20240113 15:26:04.339"/>
</kw>
<kw name="Input User Email On Login Page" library="LoginPage">
<arg>${VALID_EMAIL}</arg>
<kw name="Input Text" library="AppiumLibrary">
<arg>${emailInputLoginPage}</arg>
<arg>${email}</arg>
<doc>Types the given `text` into text field identified by `locator`.</doc>
<msg timestamp="20240113 15:26:04.346" level="INFO">Typing text 'support@ngendigital.com' into text field '//android.widget.EditText[@resource-id="com.example.myapplication:id/username"]'</msg>
<msg timestamp="20240113 15:26:04.497" level="INFO">xpath criteria: //android.widget.EditText[@resource-id="com.example.myapplication:id/username"]</msg>
<status status="PASS" starttime="20240113 15:26:04.341" endtime="20240113 15:26:04.497"/>
</kw>
<status status="PASS" starttime="20240113 15:26:04.340" endtime="20240113 15:26:04.497"/>
</kw>
<kw name="Input User Password On Login Page" library="LoginPage">
<arg>${VALID_PASSWORD}</arg>
<kw name="Input Text" library="AppiumLibrary">
<arg>${passwordInputLoginPage}</arg>
<arg>${password}</arg>
<doc>Types the given `text` into text field identified by `locator`.</doc>
<msg timestamp="20240113 15:26:04.506" level="INFO">Typing text 'abc123' into text field '//android.widget.EditText[@resource-id="com.example.myapplication:id/password"]'</msg>
<msg timestamp="20240113 15:26:05.092" level="INFO">xpath criteria: //android.widget.EditText[@resource-id="com.example.myapplication:id/password"]</msg>
<status status="PASS" starttime="20240113 15:26:04.500" endtime="20240113 15:26:05.092"/>
</kw>
<status status="PASS" starttime="20240113 15:26:04.499" endtime="20240113 15:26:05.092"/>
</kw>
<kw name="Click Sign In Button On Login Page" library="LoginPage">
<kw name="Click Element" library="AppiumLibrary">
<arg>${signInButtonLoginPage}</arg>
<doc>Click element identified by `locator`.</doc>
<msg timestamp="20240113 15:26:05.098" level="INFO">Clicking element '//android.widget.Button[@resource-id="com.example.myapplication:id/signIn"]'.</msg>
<msg timestamp="20240113 15:26:05.786" level="INFO">xpath criteria: //android.widget.Button[@resource-id="com.example.myapplication:id/signIn"]</msg>
<status status="PASS" starttime="20240113 15:26:05.093" endtime="20240113 15:26:05.786"/>
</kw>
<status status="PASS" starttime="20240113 15:26:05.093" endtime="20240113 15:26:05.786"/>
</kw>
<kw name="Verify User Is Logged In" library="HomePage">
<kw name="Wait Until Element Is Visible" library="AppiumLibrary">
<arg>${userNameTextHomePage}</arg>
<doc>Waits until element specified with `locator` is visible.</doc>
<msg timestamp="20240113 15:26:06.598" level="INFO">xpath criteria: //android.widget.TextView[@resource-id="com.example.myapplication:id/textView"]
xpath criteria: //android.widget.TextView[@resource-id="com.example.myapplication:id/textView"]</msg>
<status status="PASS" starttime="20240113 15:26:05.788" endtime="20240113 15:26:06.598"/>
</kw>
<status status="PASS" starttime="20240113 15:26:05.787" endtime="20240113 15:26:06.598"/>
</kw>
<kw name="Close Flight application" library="base">
<kw name="Close Application" library="AppiumLibrary">
<doc>Closes the current application and also close webdriver session.</doc>
<status status="PASS" starttime="20240113 15:26:06.599" endtime="20240113 15:26:07.502"/>
</kw>
<status status="PASS" starttime="20240113 15:26:06.599" endtime="20240113 15:26:07.502"/>
</kw>
<status status="PASS" starttime="20240113 15:25:43.509" endtime="20240113 15:26:07.505"/>
</test>
<status status="PASS" starttime="20240113 15:25:43.349" endtime="20240113 15:26:07.517"/>
</suite>
<suite id="s1-s4" name="SearchSuite" source="C:\Users\user\OneDrive\Desktop\Sanbercode\QA\Sanber52-13-MobileAutomation\suites\SearchSuite.robot">
<test id="s1-s4-t1" name="User should be able to login" line="13">
<kw name="Open Flight Application" library="base">
<kw name="Open Application" library="AppiumLibrary">
<arg>remote_url=${REMOTE_URL}</arg>
<arg>platformName=${PLATFORM_NAME}</arg>
<arg>platformVersion=${PLATFORM_VERSION}</arg>
<arg>deviceName=${DEVICE_NAME}</arg>
<arg>appPackage=${APP_PACKAGE}</arg>
<arg>appActivity=${APP_ACTIVITY}</arg>
<doc>Opens a new application to given Appium server.
Capabilities of appium server, Android and iOS,
Please check https://github.com/appium/appium/blob/master/docs/en/writing-running-appium/server-args.md
| *Option*            | *Man.* | *Description*     |
| remote_url          | Yes    | Appium server url |
| alias               | no     | alias             |
| strict_ssl          | No     | allows you to send commands to an invalid certificate host like a self-signed one. |</doc>
<status status="PASS" starttime="20240113 15:26:07.792" endtime="20240113 15:26:19.352"/>
</kw>
<status status="PASS" starttime="20240113 15:26:07.790" endtime="20240113 15:26:19.354"/>
</kw>
<kw name="Click Sign In Button On Home Page" library="HomePage">
<kw name="Wait Until Element Is Visible" library="AppiumLibrary">
<arg>${signIn_button_homePage}</arg>
<doc>Waits until element specified with `locator` is visible.</doc>
<msg timestamp="20240113 15:26:20.496" level="INFO">xpath criteria: //android.widget.Button[@resource-id="com.example.myapplication:id/login"]</msg>
<status status="PASS" starttime="20240113 15:26:19.386" endtime="20240113 15:26:20.497"/>
</kw>
<kw name="Click Element" library="AppiumLibrary">
<arg>${signIn_button_homePage}</arg>
<doc>Click element identified by `locator`.</doc>
<msg timestamp="20240113 15:26:20.500" level="INFO">Clicking element '//android.widget.Button[@resource-id="com.example.myapplication:id/login"]'.</msg>
<msg timestamp="20240113 15:26:20.730" level="INFO">xpath criteria: //android.widget.Button[@resource-id="com.example.myapplication:id/login"]</msg>
<status status="PASS" starttime="20240113 15:26:20.497" endtime="20240113 15:26:20.731"/>
</kw>
<status status="PASS" starttime="20240113 15:26:19.382" endtime="20240113 15:26:20.732"/>
</kw>
<kw name="Verify Login Appreas" library="LoginPage">
<kw name="Wait Until Element Is Visible" library="AppiumLibrary">
<arg>${emailInputLoginPage}</arg>
<doc>Waits until element specified with `locator` is visible.</doc>
<msg timestamp="20240113 15:26:21.679" level="INFO">xpath criteria: //android.widget.EditText[@resource-id="com.example.myapplication:id/username"]
xpath criteria: //android.widget.EditText[@resource-id="com.example.myapplication:id/username"]</msg>
<status status="PASS" starttime="20240113 15:26:20.735" endtime="20240113 15:26:21.679"/>
</kw>
<kw name="Wait Until Element Is Visible" library="AppiumLibrary">
<arg>${passwordInputLoginPage}</arg>
<doc>Waits until element specified with `locator` is visible.</doc>
<msg timestamp="20240113 15:26:21.857" level="INFO">xpath criteria: //android.widget.EditText[@resource-id="com.example.myapplication:id/password"]</msg>
<status status="PASS" starttime="20240113 15:26:21.680" endtime="20240113 15:26:21.857"/>
</kw>
<kw name="Wait Until Element Is Visible" library="AppiumLibrary">
<arg>${signInButtonLoginPage}</arg>
<doc>Waits until element specified with `locator` is visible.</doc>
<msg timestamp="20240113 15:26:21.968" level="INFO">xpath criteria: //android.widget.Button[@resource-id="com.example.myapplication:id/signIn"]</msg>
<status status="PASS" starttime="20240113 15:26:21.857" endtime="20240113 15:26:21.968"/>
</kw>
<status status="PASS" starttime="20240113 15:26:20.734" endtime="20240113 15:26:21.968"/>
</kw>
<kw name="Input User Email On Login Page" library="LoginPage">
<arg>${VALID_EMAIL}</arg>
<kw name="Input Text" library="AppiumLibrary">
<arg>${emailInputLoginPage}</arg>
<arg>${email}</arg>
<doc>Types the given `text` into text field identified by `locator`.</doc>
<msg timestamp="20240113 15:26:21.975" level="INFO">Typing text 'support@ngendigital.com' into text field '//android.widget.EditText[@resource-id="com.example.myapplication:id/username"]'</msg>
<msg timestamp="20240113 15:26:22.129" level="INFO">xpath criteria: //android.widget.EditText[@resource-id="com.example.myapplication:id/username"]</msg>
<status status="PASS" starttime="20240113 15:26:21.970" endtime="20240113 15:26:22.130"/>
</kw>
<status status="PASS" starttime="20240113 15:26:21.969" endtime="20240113 15:26:22.130"/>
</kw>
<kw name="Input User Password On Login Page" library="LoginPage">
<arg>${VALID_PASSWORD}</arg>
<kw name="Input Text" library="AppiumLibrary">
<arg>${passwordInputLoginPage}</arg>
<arg>${password}</arg>
<doc>Types the given `text` into text field identified by `locator`.</doc>
<msg timestamp="20240113 15:26:22.137" level="INFO">Typing text 'abc123' into text field '//android.widget.EditText[@resource-id="com.example.myapplication:id/password"]'</msg>
<msg timestamp="20240113 15:26:22.733" level="INFO">xpath criteria: //android.widget.EditText[@resource-id="com.example.myapplication:id/password"]</msg>
<status status="PASS" starttime="20240113 15:26:22.132" endtime="20240113 15:26:22.733"/>
</kw>
<status status="PASS" starttime="20240113 15:26:22.131" endtime="20240113 15:26:22.733"/>
</kw>
<kw name="Click Sign In Button On Login Page" library="LoginPage">
<kw name="Click Element" library="AppiumLibrary">
<arg>${signInButtonLoginPage}</arg>
<doc>Click element identified by `locator`.</doc>
<msg timestamp="20240113 15:26:22.743" level="INFO">Clicking element '//android.widget.Button[@resource-id="com.example.myapplication:id/signIn"]'.</msg>
<msg timestamp="20240113 15:26:23.388" level="INFO">xpath criteria: //android.widget.Button[@resource-id="com.example.myapplication:id/signIn"]</msg>
<status status="PASS" starttime="20240113 15:26:22.735" endtime="20240113 15:26:23.389"/>
</kw>
<status status="PASS" starttime="20240113 15:26:22.734" endtime="20240113 15:26:23.389"/>
</kw>
<status status="PASS" starttime="20240113 15:26:07.789" endtime="20240113 15:26:23.392"/>
</test>
<test id="s1-s4-t2" name="User should be able to search flight number" line="27">
<kw name="Click Search Button" library="SearchPageObject">
<kw name="Wait Until Element Is Visible" library="AppiumLibrary">
<arg>${searchButtonHomePage}</arg>
<doc>Waits until element specified with `locator` is visible.</doc>
<msg timestamp="20240113 15:26:24.247" level="INFO">xpath criteria: //android.widget.Button[@resource-id="com.example.myapplication:id/search_flight"]</msg>
<status status="PASS" starttime="20240113 15:26:23.403" endtime="20240113 15:26:24.247"/>
</kw>
<kw name="Click Element" library="AppiumLibrary">
<arg>${searchButtonHomePage}</arg>
<doc>Click element identified by `locator`.</doc>
<msg timestamp="20240113 15:26:24.251" level="INFO">Clicking element '//android.widget.Button[@resource-id="com.example.myapplication:id/search_flight"]'.</msg>
<msg timestamp="20240113 15:26:24.452" level="INFO">xpath criteria: //android.widget.Button[@resource-id="com.example.myapplication:id/search_flight"]</msg>
<status status="PASS" starttime="20240113 15:26:24.247" endtime="20240113 15:26:24.452"/>
</kw>
<status status="PASS" starttime="20240113 15:26:23.402" endtime="20240113 15:26:24.452"/>
</kw>
<kw name="Verify Enter Flight Number Text is Displayed" library="SearchPageObject">
<kw name="Wait Until Element Is Visible" library="AppiumLibrary">
<arg>${textEnterFlight}</arg>
<doc>Waits until element specified with `locator` is visible.</doc>
<msg timestamp="20240113 15:26:25.743" level="INFO">xpath criteria: //android.widget.TextView[@resource-id="com.example.myapplication:id/enterFlight"]
xpath criteria: //android.widget.TextView[@resource-id="com.example.myapplication:id/enterFlight"]</msg>
<status status="PASS" starttime="20240113 15:26:24.454" endtime="20240113 15:26:25.744"/>
</kw>
<kw name="Element Should Contain Text" library="AppiumLibrary">
<arg>${textEnterFlight}</arg>
<arg>Enter Flight Number</arg>
<doc>Verifies element identified by ``locator`` contains text ``expected``.</doc>
<msg timestamp="20240113 15:26:25.753" level="INFO">Verifying element '//android.widget.TextView[@resource-id="com.example.myapplication:id/enterFlight"]' contains text 'Enter Flight Number'.</msg>
<msg timestamp="20240113 15:26:25.968" level="INFO">xpath criteria: //android.widget.TextView[@resource-id="com.example.myapplication:id/enterFlight"]</msg>
<status status="PASS" starttime="20240113 15:26:25.745" endtime="20240113 15:26:25.968"/>
</kw>
<status status="PASS" starttime="20240113 15:26:24.453" endtime="20240113 15:26:25.969"/>
</kw>
<kw name="Verify SEARCH Button is Displayed" library="SearchPageObject">
<kw name="Wait Until Element Is Visible" library="AppiumLibrary">
<arg>${searchButton}</arg>
<doc>Waits until element specified with `locator` is visible.</doc>
<msg timestamp="20240113 15:26:26.118" level="INFO">xpath criteria: //android.widget.Button[@resource-id="com.example.myapplication:id/searchFlight"]</msg>
<status status="PASS" starttime="20240113 15:26:25.970" endtime="20240113 15:26:26.118"/>
</kw>
<kw name="Element Should Be Visible" library="AppiumLibrary">
<arg>${searchButton}</arg>
<doc>Verifies that element identified with locator is visible.</doc>
<msg timestamp="20240113 15:26:26.243" level="INFO">xpath criteria: //android.widget.Button[@resource-id="com.example.myapplication:id/searchFlight"]</msg>
<status status="PASS" starttime="20240113 15:26:26.119" endtime="20240113 15:26:26.243"/>
</kw>
<status status="PASS" starttime="20240113 15:26:25.969" endtime="20240113 15:26:26.243"/>
</kw>
<kw name="Input Flight Number" library="SearchPageObject">
<arg>${FLIGHT_NUMBER}</arg>
<kw name="Input Text" library="AppiumLibrary">
<arg>${searchTextField}</arg>
<arg>${Flight_Num}</arg>
<doc>Types the given `text` into text field identified by `locator`.</doc>
<msg timestamp="20240113 15:26:26.248" level="INFO">Typing text 'Flight-001' into text field '//android.widget.EditText[@resource-id="com.example.myapplication:id/flight_number"]'</msg>
<msg timestamp="20240113 15:26:26.408" level="INFO">xpath criteria: //android.widget.EditText[@resource-id="com.example.myapplication:id/flight_number"]</msg>
<status status="PASS" starttime="20240113 15:26:26.245" endtime="20240113 15:26:26.408"/>
</kw>
<status status="PASS" starttime="20240113 15:26:26.243" endtime="20240113 15:26:26.409"/>
</kw>
<kw name="Click SEARCH Button on The Search Page" library="SearchPageObject">
<kw name="Wait Until Element Is Visible" library="AppiumLibrary">
<arg>${searchButton}</arg>
<doc>Waits until element specified with `locator` is visible.</doc>
<msg timestamp="20240113 15:26:27.009" level="INFO">xpath criteria: //android.widget.Button[@resource-id="com.example.myapplication:id/searchFlight"]</msg>
<status status="PASS" starttime="20240113 15:26:26.411" endtime="20240113 15:26:27.009"/>
</kw>
<kw name="Click Element" library="AppiumLibrary">
<arg>${searchButton}</arg>
<doc>Click element identified by `locator`.</doc>
<msg timestamp="20240113 15:26:27.014" level="INFO">Clicking element '//android.widget.Button[@resource-id="com.example.myapplication:id/searchFlight"]'.</msg>
<msg timestamp="20240113 15:26:27.170" level="INFO">xpath criteria: //android.widget.Button[@resource-id="com.example.myapplication:id/searchFlight"]</msg>
<status status="PASS" starttime="20240113 15:26:27.009" endtime="20240113 15:26:27.170"/>
</kw>
<status status="PASS" starttime="20240113 15:26:26.410" endtime="20240113 15:26:27.171"/>
</kw>
<kw name="Close Flight application" library="base">
<kw name="Close Application" library="AppiumLibrary">
<doc>Closes the current application and also close webdriver session.</doc>
<status status="PASS" starttime="20240113 15:26:27.175" endtime="20240113 15:26:28.715"/>
</kw>
<status status="PASS" starttime="20240113 15:26:27.174" endtime="20240113 15:26:28.715"/>
</kw>
<status status="PASS" starttime="20240113 15:26:23.397" endtime="20240113 15:26:28.716"/>
</test>
<status status="PASS" starttime="20240113 15:26:07.524" endtime="20240113 15:26:28.721"/>
</suite>
<status status="FAIL" starttime="20240113 15:24:41.991" endtime="20240113 15:26:28.728"/>
</suite>
<statistics>
<total>
<stat pass="4" fail="1" skip="0">All Tests</stat>
</total>
<tag>
</tag>
<suite>
<stat pass="4" fail="1" skip="0" id="s1" name="Suites">Suites</stat>
<stat pass="1" fail="0" skip="0" id="s1-s1" name="BookSuite">Suites.BookSuite</stat>
<stat pass="0" fail="1" skip="0" id="s1-s2" name="InvalidSuite">Suites.InvalidSuite</stat>
<stat pass="1" fail="0" skip="0" id="s1-s3" name="LoginSuite">Suites.LoginSuite</stat>
<stat pass="2" fail="0" skip="0" id="s1-s4" name="SearchSuite">Suites.SearchSuite</stat>
</suite>
</statistics>
<errors>
</errors>
</robot>
