<?xml version="1.0" encoding="UTF-8"?>
<robot generator="Robot 6.1.1 (Python 3.10.12 on linux)" generated="20240111 00:43:30.022" rpa="false" schemaversion="4">
<suite id="s1" name="SearchSuite" source="/home/ilham/Documents/mygit/Sanber52-13-MobileAutomation/suites/SearchSuite.robot">
<test id="s1-t1" name="User should be able to login" line="13">
<kw name="Open Flight Application" library="base">
<kw name="Open Application" library="AppiumLibrary">
<arg>remote_url=${REMOTE_URL}</arg>
<arg>platformName=${PLATFORM_NAME}</arg>
<arg>platformVersion=${PLATFORM_VERSION}</arg>
<arg>deviceName=${DEVICE_NAME}</arg>
<arg>appPackage=${APP_PACKAGE}</arg>
<arg>appActivity=${APP_ACTIVITY}</arg>
<doc>Opens a new application to given Appium server.
Capabilities of appium server, Android and iOS,
Please check https://github.com/appium/appium/blob/master/docs/en/writing-running-appium/server-args.md
| *Option*            | *Man.* | *Description*     |
| remote_url          | Yes    | Appium server url |
| alias               | no     | alias             |
| strict_ssl          | No     | allows you to send commands to an invalid certificate host like a self-signed one. |</doc>
<status status="PASS" starttime="20240111 00:43:30.155" endtime="20240111 00:43:37.269"/>
</kw>
<status status="PASS" starttime="20240111 00:43:30.155" endtime="20240111 00:43:37.269"/>
</kw>
<kw name="Click Sign In Button On Home Page" library="HomePage">
<kw name="Wait Until Element Is Visible" library="AppiumLibrary">
<arg>${signIn_button_homePage}</arg>
<doc>Waits until element specified with `locator` is visible.</doc>
<msg timestamp="20240111 00:43:38.101" level="INFO">xpath criteria: //android.widget.Button[@resource-id="com.example.myapplication:id/login"]</msg>
<status status="PASS" starttime="20240111 00:43:37.270" endtime="20240111 00:43:38.101"/>
</kw>
<kw name="Click Element" library="AppiumLibrary">
<arg>${signIn_button_homePage}</arg>
<doc>Click element identified by `locator`.</doc>
<msg timestamp="20240111 00:43:38.103" level="INFO">Clicking element '//android.widget.Button[@resource-id="com.example.myapplication:id/login"]'.</msg>
<msg timestamp="20240111 00:43:38.228" level="INFO">xpath criteria: //android.widget.Button[@resource-id="com.example.myapplication:id/login"]</msg>
<status status="PASS" starttime="20240111 00:43:38.101" endtime="20240111 00:43:38.228"/>
</kw>
<status status="PASS" starttime="20240111 00:43:37.269" endtime="20240111 00:43:38.228"/>
</kw>
<kw name="Verify Login Appreas" library="LoginPage">
<kw name="Wait Until Element Is Visible" library="AppiumLibrary">
<arg>${emailInputLoginPage}</arg>
<doc>Waits until element specified with `locator` is visible.</doc>
<msg timestamp="20240111 00:43:39.092" level="INFO">xpath criteria: //android.widget.EditText[@resource-id="com.example.myapplication:id/username"]
xpath criteria: //android.widget.EditText[@resource-id="com.example.myapplication:id/username"]</msg>
<status status="PASS" starttime="20240111 00:43:38.228" endtime="20240111 00:43:39.092"/>
</kw>
<kw name="Wait Until Element Is Visible" library="AppiumLibrary">
<arg>${passwordInputLoginPage}</arg>
<doc>Waits until element specified with `locator` is visible.</doc>
<msg timestamp="20240111 00:43:39.189" level="INFO">xpath criteria: //android.widget.EditText[@resource-id="com.example.myapplication:id/password"]</msg>
<status status="PASS" starttime="20240111 00:43:39.093" endtime="20240111 00:43:39.189"/>
</kw>
<kw name="Wait Until Element Is Visible" library="AppiumLibrary">
<arg>${signInButtonLoginPage}</arg>
<doc>Waits until element specified with `locator` is visible.</doc>
<msg timestamp="20240111 00:43:39.264" level="INFO">xpath criteria: //android.widget.Button[@resource-id="com.example.myapplication:id/signIn"]</msg>
<status status="PASS" starttime="20240111 00:43:39.189" endtime="20240111 00:43:39.264"/>
</kw>
<status status="PASS" starttime="20240111 00:43:38.228" endtime="20240111 00:43:39.264"/>
</kw>
<kw name="Input User Email On Login Page" library="LoginPage">
<arg>${VALID_EMAIL}</arg>
<kw name="Input Text" library="AppiumLibrary">
<arg>${emailInputLoginPage}</arg>
<arg>${email}</arg>
<doc>Types the given `text` into text field identified by `locator`.</doc>
<msg timestamp="20240111 00:43:39.267" level="INFO">Typing text 'support@ngendigital.com' into text field '//android.widget.EditText[@resource-id="com.example.myapplication:id/username"]'</msg>
<msg timestamp="20240111 00:43:39.389" level="INFO">xpath criteria: //android.widget.EditText[@resource-id="com.example.myapplication:id/username"]</msg>
<status status="PASS" starttime="20240111 00:43:39.265" endtime="20240111 00:43:39.389"/>
</kw>
<status status="PASS" starttime="20240111 00:43:39.265" endtime="20240111 00:43:39.389"/>
</kw>
<kw name="Input User Password On Login Page" library="LoginPage">
<arg>${VALID_PASSWORD}</arg>
<kw name="Input Text" library="AppiumLibrary">
<arg>${passwordInputLoginPage}</arg>
<arg>${password}</arg>
<doc>Types the given `text` into text field identified by `locator`.</doc>
<msg timestamp="20240111 00:43:39.392" level="INFO">Typing text 'abc123' into text field '//android.widget.EditText[@resource-id="com.example.myapplication:id/password"]'</msg>
<msg timestamp="20240111 00:43:39.946" level="INFO">xpath criteria: //android.widget.EditText[@resource-id="com.example.myapplication:id/password"]</msg>
<status status="PASS" starttime="20240111 00:43:39.390" endtime="20240111 00:43:39.946"/>
</kw>
<status status="PASS" starttime="20240111 00:43:39.389" endtime="20240111 00:43:39.946"/>
</kw>
<kw name="Click Sign In Button On Login Page" library="LoginPage">
<kw name="Click Element" library="AppiumLibrary">
<arg>${signInButtonLoginPage}</arg>
<doc>Click element identified by `locator`.</doc>
<msg timestamp="20240111 00:43:39.949" level="INFO">Clicking element '//android.widget.Button[@resource-id="com.example.myapplication:id/signIn"]'.</msg>
<msg timestamp="20240111 00:43:40.535" level="INFO">xpath criteria: //android.widget.Button[@resource-id="com.example.myapplication:id/signIn"]</msg>
<status status="PASS" starttime="20240111 00:43:39.947" endtime="20240111 00:43:40.535"/>
</kw>
<status status="PASS" starttime="20240111 00:43:39.947" endtime="20240111 00:43:40.535"/>
</kw>
<status status="PASS" starttime="20240111 00:43:30.154" endtime="20240111 00:43:40.535"/>
</test>
<test id="s1-t2" name="User should be able to search flight number" line="27">
<kw name="Click Search Button" library="SearchPageObject">
<kw name="Wait Until Element Is Visible" library="AppiumLibrary">
<arg>${searchButtonHomePage}</arg>
<doc>Waits until element specified with `locator` is visible.</doc>
<msg timestamp="20240111 00:43:41.305" level="INFO">xpath criteria: //android.widget.Button[@resource-id="com.example.myapplication:id/search_flight"]
xpath criteria: //android.widget.Button[@resource-id="com.example.myapplication:id/search_flight"]</msg>
<status status="PASS" starttime="20240111 00:43:40.537" endtime="20240111 00:43:41.305"/>
</kw>
<kw name="Click Element" library="AppiumLibrary">
<arg>${searchButtonHomePage}</arg>
<doc>Click element identified by `locator`.</doc>
<msg timestamp="20240111 00:43:41.308" level="INFO">Clicking element '//android.widget.Button[@resource-id="com.example.myapplication:id/search_flight"]'.</msg>
<msg timestamp="20240111 00:43:41.401" level="INFO">xpath criteria: //android.widget.Button[@resource-id="com.example.myapplication:id/search_flight"]</msg>
<status status="PASS" starttime="20240111 00:43:41.306" endtime="20240111 00:43:41.401"/>
</kw>
<status status="PASS" starttime="20240111 00:43:40.536" endtime="20240111 00:43:41.401"/>
</kw>
<kw name="Verify Enter Flight Number Text is Displayed" library="SearchPageObject">
<kw name="Wait Until Element Is Visible" library="AppiumLibrary">
<arg>${textEnterFlight}</arg>
<doc>Waits until element specified with `locator` is visible.</doc>
<msg timestamp="20240111 00:43:42.467" level="INFO">xpath criteria: //android.widget.TextView[@resource-id="com.example.myapplication:id/enterFlight"]
xpath criteria: //android.widget.TextView[@resource-id="com.example.myapplication:id/enterFlight"]</msg>
<status status="PASS" starttime="20240111 00:43:41.402" endtime="20240111 00:43:42.467"/>
</kw>
<kw name="Element Should Contain Text" library="AppiumLibrary">
<arg>${textEnterFlight}</arg>
<arg>Enter Flight Number</arg>
<doc>Verifies element identified by ``locator`` contains text ``expected``.</doc>
<msg timestamp="20240111 00:43:42.469" level="INFO">Verifying element '//android.widget.TextView[@resource-id="com.example.myapplication:id/enterFlight"]' contains text 'Enter Flight Number'.</msg>
<msg timestamp="20240111 00:43:42.573" level="INFO">xpath criteria: //android.widget.TextView[@resource-id="com.example.myapplication:id/enterFlight"]</msg>
<status status="PASS" starttime="20240111 00:43:42.467" endtime="20240111 00:43:42.573"/>
</kw>
<status status="PASS" starttime="20240111 00:43:41.401" endtime="20240111 00:43:42.573"/>
</kw>
<kw name="Verify SEARCH Button is Displayed" library="SearchPageObject">
<kw name="Wait Until Element Is Visible" library="AppiumLibrary">
<arg>${searchButton}</arg>
<doc>Waits until element specified with `locator` is visible.</doc>
<msg timestamp="20240111 00:43:42.661" level="INFO">xpath criteria: //android.widget.Button[@resource-id="com.example.myapplication:id/searchFlight"]</msg>
<status status="PASS" starttime="20240111 00:43:42.574" endtime="20240111 00:43:42.661"/>
</kw>
<kw name="Element Should Be Visible" library="AppiumLibrary">
<arg>${searchButton}</arg>
<doc>Verifies that element identified with locator is visible.</doc>
<msg timestamp="20240111 00:43:42.717" level="INFO">xpath criteria: //android.widget.Button[@resource-id="com.example.myapplication:id/searchFlight"]</msg>
<status status="PASS" starttime="20240111 00:43:42.661" endtime="20240111 00:43:42.717"/>
</kw>
<status status="PASS" starttime="20240111 00:43:42.573" endtime="20240111 00:43:42.717"/>
</kw>
<kw name="Input Flight Number" library="SearchPageObject">
<arg>${FLIGHT_NUMBER}</arg>
<kw name="Input Text" library="AppiumLibrary">
<arg>${searchTextField}</arg>
<arg>${Flight_Num}</arg>
<doc>Types the given `text` into text field identified by `locator`.</doc>
<msg timestamp="20240111 00:43:42.720" level="INFO">Typing text 'Flight-001' into text field '//android.widget.EditText[@resource-id="com.example.myapplication:id/flight_number"]'</msg>
<msg timestamp="20240111 00:43:42.818" level="INFO">xpath criteria: //android.widget.EditText[@resource-id="com.example.myapplication:id/flight_number"]</msg>
<status status="PASS" starttime="20240111 00:43:42.718" endtime="20240111 00:43:42.819"/>
</kw>
<status status="PASS" starttime="20240111 00:43:42.717" endtime="20240111 00:43:42.819"/>
</kw>
<kw name="Click SEARCH Button on The Search Page" library="SearchPageObject">
<kw name="Wait Until Element Is Visible" library="AppiumLibrary">
<arg>${searchButton}</arg>
<doc>Waits until element specified with `locator` is visible.</doc>
<msg timestamp="20240111 00:43:43.318" level="INFO">xpath criteria: //android.widget.Button[@resource-id="com.example.myapplication:id/searchFlight"]</msg>
<status status="PASS" starttime="20240111 00:43:42.819" endtime="20240111 00:43:43.318"/>
</kw>
<kw name="Click Element" library="AppiumLibrary">
<arg>${searchButton}</arg>
<doc>Click element identified by `locator`.</doc>
<msg timestamp="20240111 00:43:43.320" level="INFO">Clicking element '//android.widget.Button[@resource-id="com.example.myapplication:id/searchFlight"]'.</msg>
<msg timestamp="20240111 00:43:43.448" level="INFO">xpath criteria: //android.widget.Button[@resource-id="com.example.myapplication:id/searchFlight"]</msg>
<status status="PASS" starttime="20240111 00:43:43.318" endtime="20240111 00:43:43.448"/>
</kw>
<status status="PASS" starttime="20240111 00:43:42.819" endtime="20240111 00:43:43.448"/>
</kw>
<kw name="Close Flight application" library="base">
<kw name="Close Application" library="AppiumLibrary">
<doc>Closes the current application and also close webdriver session.</doc>
<status status="PASS" starttime="20240111 00:43:43.449" endtime="20240111 00:43:43.973"/>
</kw>
<status status="PASS" starttime="20240111 00:43:43.448" endtime="20240111 00:43:43.973"/>
</kw>
<status status="PASS" starttime="20240111 00:43:40.536" endtime="20240111 00:43:43.973"/>
</test>
<status status="PASS" starttime="20240111 00:43:30.023" endtime="20240111 00:43:43.974"/>
</suite>
<statistics>
<total>
<stat pass="2" fail="0" skip="0">All Tests</stat>
</total>
<tag>
</tag>
<suite>
<stat pass="2" fail="0" skip="0" id="s1" name="SearchSuite">SearchSuite</stat>
</suite>
</statistics>
<errors>
</errors>
</robot>
